[0.012s] Invoking command in '/home/marianabebe/warehouse-robot-task-planner/ros2_ws/build/warehouse_description': CMAKE_PREFIX_PATH=${CMAKE_PREFIX_PATH}:/opt/ros/humble /usr/bin/cmake --build /home/marianabebe/warehouse-robot-task-planner/ros2_ws/build/warehouse_description -- -j6 -l6
[0.048s] Invoked command in '/home/marianabebe/warehouse-robot-task-planner/ros2_ws/build/warehouse_description' returned '0': CMAKE_PREFIX_PATH=${CMAKE_PREFIX_PATH}:/opt/ros/humble /usr/bin/cmake --build /home/marianabebe/warehouse-robot-task-planner/ros2_ws/build/warehouse_description -- -j6 -l6
[0.056s] Invoking command in '/home/marianabebe/warehouse-robot-task-planner/ros2_ws/build/warehouse_description': CMAKE_PREFIX_PATH=${CMAKE_PREFIX_PATH}:/opt/ros/humble /usr/bin/cmake --install /home/marianabebe/warehouse-robot-task-planner/ros2_ws/build/warehouse_description
[0.060s] -- Install configuration: ""
[0.060s] -- Up-to-date: /home/marianabebe/warehouse-robot-task-planner/ros2_ws/install/warehouse_description/share/warehouse_description/urdf
[0.060s] -- Up-to-date: /home/marianabebe/warehouse-robot-task-planner/ros2_ws/install/warehouse_description/share/warehouse_description/urdf/warehouse_robot.urdf
[0.060s] -- Up-to-date: /home/marianabebe/warehouse-robot-task-planner/ros2_ws/install/warehouse_description/share/warehouse_description/launch
[0.060s] -- Up-to-date: /home/marianabebe/warehouse-robot-task-planner/ros2_ws/install/warehouse_description/share/warehouse_description/launch/view_robot.launch.py
[0.060s] -- Up-to-date: /home/marianabebe/warehouse-robot-task-planner/ros2_ws/install/warehouse_description/share/warehouse_description/rviz
[0.061s] -- Up-to-date: /home/marianabebe/warehouse-robot-task-planner/ros2_ws/install/warehouse_description/share/ament_index/resource_index/package_run_dependencies/warehouse_description
[0.061s] -- Up-to-date: /home/marianabebe/warehouse-robot-task-planner/ros2_ws/install/warehouse_description/share/ament_index/resource_index/parent_prefix_path/warehouse_description
[0.061s] -- Up-to-date: /home/marianabebe/warehouse-robot-task-planner/ros2_ws/install/warehouse_description/share/warehouse_description/environment/ament_prefix_path.sh
[0.061s] -- Up-to-date: /home/marianabebe/warehouse-robot-task-planner/ros2_ws/install/warehouse_description/share/warehouse_description/environment/ament_prefix_path.dsv
[0.061s] -- Up-to-date: /home/marianabebe/warehouse-robot-task-planner/ros2_ws/install/warehouse_description/share/warehouse_description/environment/path.sh
[0.061s] -- Up-to-date: /home/marianabebe/warehouse-robot-task-planner/ros2_ws/install/warehouse_description/share/warehouse_description/environment/path.dsv
[0.061s] -- Up-to-date: /home/marianabebe/warehouse-robot-task-planner/ros2_ws/install/warehouse_description/share/warehouse_description/local_setup.bash
[0.061s] -- Up-to-date: /home/marianabebe/warehouse-robot-task-planner/ros2_ws/install/warehouse_description/share/warehouse_description/local_setup.sh
[0.061s] -- Up-to-date: /home/marianabebe/warehouse-robot-task-planner/ros2_ws/install/warehouse_description/share/warehouse_description/local_setup.zsh
[0.062s] -- Up-to-date: /home/marianabebe/warehouse-robot-task-planner/ros2_ws/install/warehouse_description/share/warehouse_description/local_setup.dsv
[0.062s] -- Installing: /home/marianabebe/warehouse-robot-task-planner/ros2_ws/install/warehouse_description/share/warehouse_description/package.dsv
[0.062s] -- Up-to-date: /home/marianabebe/warehouse-robot-task-planner/ros2_ws/install/warehouse_description/share/ament_index/resource_index/packages/warehouse_description
[0.062s] -- Up-to-date: /home/marianabebe/warehouse-robot-task-planner/ros2_ws/install/warehouse_description/share/warehouse_description/cmake/warehouse_descriptionConfig.cmake
[0.062s] -- Up-to-date: /home/marianabebe/warehouse-robot-task-planner/ros2_ws/install/warehouse_description/share/warehouse_description/cmake/warehouse_descriptionConfig-version.cmake
[0.062s] -- Up-to-date: /home/marianabebe/warehouse-robot-task-planner/ros2_ws/install/warehouse_description/share/warehouse_description/package.xml
[0.064s] Invoked command in '/home/marianabebe/warehouse-robot-task-planner/ros2_ws/build/warehouse_description' returned '0': CMAKE_PREFIX_PATH=${CMAKE_PREFIX_PATH}:/opt/ros/humble /usr/bin/cmake --install /home/marianabebe/warehouse-robot-task-planner/ros2_ws/build/warehouse_description
