[0.071s] DEBUG:colcon:Command line arguments: ['/usr/bin/colcon', 'build']
[0.071s] DEBUG:colcon:Parsed command line arguments: Namespace(log_base=None, log_level=None, verb_name='build', build_base='build', install_base='install', merge_install=False, symlink_install=False, test_result_base=None, continue_on_error=False, executor='parallel', parallel_workers=6, event_handlers=None, ignore_user_meta=False, metas=['./colcon.meta'], base_paths=['.'], packages_ignore=None, packages_ignore_regex=None, paths=None, packages_up_to=None, packages_up_to_regex=None, packages_above=None, packages_above_and_dependencies=None, packages_above_depth=None, packages_select_by_dep=None, packages_skip_by_dep=None, packages_skip_up_to=None, packages_select_build_failed=False, packages_skip_build_finished=False, packages_select_test_failures=False, packages_skip_test_passed=False, packages_select=None, packages_skip=None, packages_select_regex=None, packages_skip_regex=None, packages_start=None, packages_end=None, allow_overriding=[], cmake_args=None, cmake_target=None, cmake_target_skip_unavailable=False, cmake_clean_cache=False, cmake_clean_first=False, cmake_force_configure=False, ament_cmake_args=None, catkin_cmake_args=None, catkin_skip_building_tests=False, mixin_files=None, mixin=None, verb_parser=<colcon_mixin.mixin.mixin_argument.MixinArgumentDecorator object at 0xf75320ec6200>, verb_extension=<colcon_core.verb.build.BuildVerb object at 0xf75320ec5c90>, main=<bound method BuildVerb.main of <colcon_core.verb.build.BuildVerb object at 0xf75320ec5c90>>, mixin_verb=('build',))
[0.169s] Level 1:colcon.colcon_core.package_discovery:discover_packages(colcon_meta) check parameters
[0.169s] Level 1:colcon.colcon_core.package_discovery:discover_packages(recursive) check parameters
[0.169s] Level 1:colcon.colcon_core.package_discovery:discover_packages(ignore) check parameters
[0.169s] Level 1:colcon.colcon_core.package_discovery:discover_packages(path) check parameters
[0.169s] Level 1:colcon.colcon_core.package_discovery:discover_packages(colcon_meta) discover
[0.169s] Level 1:colcon.colcon_core.package_discovery:discover_packages(recursive) discover
[0.169s] INFO:colcon.colcon_core.package_discovery:Crawling recursively for packages in '/home/marianabebe/warehouse-robot-task-planner/ros2_ws'
[0.169s] Level 1:colcon.colcon_core.package_identification:_identify(.) by extensions ['ignore', 'ignore_ament_install']
[0.169s] Level 1:colcon.colcon_core.package_identification:_identify(.) by extension 'ignore'
[0.169s] Level 1:colcon.colcon_core.package_identification:_identify(.) by extension 'ignore_ament_install'
[0.169s] Level 1:colcon.colcon_core.package_identification:_identify(.) by extensions ['colcon_pkg']
[0.169s] Level 1:colcon.colcon_core.package_identification:_identify(.) by extension 'colcon_pkg'
[0.169s] Level 1:colcon.colcon_core.package_identification:_identify(.) by extensions ['colcon_meta']
[0.169s] Level 1:colcon.colcon_core.package_identification:_identify(.) by extension 'colcon_meta'
[0.169s] Level 1:colcon.colcon_core.package_identification:_identify(.) by extensions ['ros']
[0.169s] Level 1:colcon.colcon_core.package_identification:_identify(.) by extension 'ros'
[0.176s] Level 1:colcon.colcon_core.package_identification:_identify(.) by extensions ['cmake', 'python']
[0.176s] Level 1:colcon.colcon_core.package_identification:_identify(.) by extension 'cmake'
[0.176s] Level 1:colcon.colcon_core.package_identification:_identify(.) by extension 'python'
[0.176s] Level 1:colcon.colcon_core.package_identification:_identify(.) by extensions ['python_setup_py']
[0.176s] Level 1:colcon.colcon_core.package_identification:_identify(.) by extension 'python_setup_py'
[0.176s] Level 1:colcon.colcon_core.package_identification:_identify(build) by extensions ['ignore', 'ignore_ament_install']
[0.176s] Level 1:colcon.colcon_core.package_identification:_identify(build) by extension 'ignore'
[0.176s] Level 1:colcon.colcon_core.package_identification:_identify(build) ignored
[0.176s] Level 1:colcon.colcon_core.package_identification:_identify(install) by extensions ['ignore', 'ignore_ament_install']
[0.176s] Level 1:colcon.colcon_core.package_identification:_identify(install) by extension 'ignore'
[0.176s] Level 1:colcon.colcon_core.package_identification:_identify(install) ignored
[0.176s] Level 1:colcon.colcon_core.package_identification:_identify(log) by extensions ['ignore', 'ignore_ament_install']
[0.176s] Level 1:colcon.colcon_core.package_identification:_identify(log) by extension 'ignore'
[0.176s] Level 1:colcon.colcon_core.package_identification:_identify(log) ignored
[0.176s] Level 1:colcon.colcon_core.package_identification:_identify(src) by extensions ['ignore', 'ignore_ament_install']
[0.176s] Level 1:colcon.colcon_core.package_identification:_identify(src) by extension 'ignore'
[0.176s] Level 1:colcon.colcon_core.package_identification:_identify(src) by extension 'ignore_ament_install'
[0.176s] Level 1:colcon.colcon_core.package_identification:_identify(src) by extensions ['colcon_pkg']
[0.176s] Level 1:colcon.colcon_core.package_identification:_identify(src) by extension 'colcon_pkg'
[0.176s] Level 1:colcon.colcon_core.package_identification:_identify(src) by extensions ['colcon_meta']
[0.176s] Level 1:colcon.colcon_core.package_identification:_identify(src) by extension 'colcon_meta'
[0.176s] Level 1:colcon.colcon_core.package_identification:_identify(src) by extensions ['ros']
[0.176s] Level 1:colcon.colcon_core.package_identification:_identify(src) by extension 'ros'
[0.176s] Level 1:colcon.colcon_core.package_identification:_identify(src) by extensions ['cmake', 'python']
[0.176s] Level 1:colcon.colcon_core.package_identification:_identify(src) by extension 'cmake'
[0.177s] Level 1:colcon.colcon_core.package_identification:_identify(src) by extension 'python'
[0.177s] Level 1:colcon.colcon_core.package_identification:_identify(src) by extensions ['python_setup_py']
[0.177s] Level 1:colcon.colcon_core.package_identification:_identify(src) by extension 'python_setup_py'
[0.177s] Level 1:colcon.colcon_core.package_identification:_identify(src/warehouse_description) by extensions ['ignore', 'ignore_ament_install']
[0.177s] Level 1:colcon.colcon_core.package_identification:_identify(src/warehouse_description) by extension 'ignore'
[0.177s] Level 1:colcon.colcon_core.package_identification:_identify(src/warehouse_description) by extension 'ignore_ament_install'
[0.177s] Level 1:colcon.colcon_core.package_identification:_identify(src/warehouse_description) by extensions ['colcon_pkg']
[0.177s] Level 1:colcon.colcon_core.package_identification:_identify(src/warehouse_description) by extension 'colcon_pkg'
[0.177s] Level 1:colcon.colcon_core.package_identification:_identify(src/warehouse_description) by extensions ['colcon_meta']
[0.177s] Level 1:colcon.colcon_core.package_identification:_identify(src/warehouse_description) by extension 'colcon_meta'
[0.177s] Level 1:colcon.colcon_core.package_identification:_identify(src/warehouse_description) by extensions ['ros']
[0.177s] Level 1:colcon.colcon_core.package_identification:_identify(src/warehouse_description) by extension 'ros'
[0.179s] DEBUG:colcon.colcon_core.package_identification:Package 'src/warehouse_description' with type 'ros.ament_cmake' and name 'warehouse_description'
[0.179s] Level 1:colcon.colcon_core.package_identification:_identify(src/warehouse_simulation) by extensions ['ignore', 'ignore_ament_install']
[0.179s] Level 1:colcon.colcon_core.package_identification:_identify(src/warehouse_simulation) by extension 'ignore'
[0.179s] Level 1:colcon.colcon_core.package_identification:_identify(src/warehouse_simulation) by extension 'ignore_ament_install'
[0.179s] Level 1:colcon.colcon_core.package_identification:_identify(src/warehouse_simulation) by extensions ['colcon_pkg']
[0.179s] Level 1:colcon.colcon_core.package_identification:_identify(src/warehouse_simulation) by extension 'colcon_pkg'
[0.179s] Level 1:colcon.colcon_core.package_identification:_identify(src/warehouse_simulation) by extensions ['colcon_meta']
[0.179s] Level 1:colcon.colcon_core.package_identification:_identify(src/warehouse_simulation) by extension 'colcon_meta'
[0.179s] Level 1:colcon.colcon_core.package_identification:_identify(src/warehouse_simulation) by extensions ['ros']
[0.179s] Level 1:colcon.colcon_core.package_identification:_identify(src/warehouse_simulation) by extension 'ros'
[0.180s] DEBUG:colcon.colcon_core.package_identification:Package 'src/warehouse_simulation' with type 'ros.ament_cmake' and name 'warehouse_simulation'
[0.180s] Level 1:colcon.colcon_core.package_discovery:discover_packages(recursive) using defaults
[0.180s] Level 1:colcon.colcon_core.package_discovery:discover_packages(ignore) discover
[0.180s] Level 1:colcon.colcon_core.package_discovery:discover_packages(ignore) using defaults
[0.180s] Level 1:colcon.colcon_core.package_discovery:discover_packages(path) discover
[0.180s] Level 1:colcon.colcon_core.package_discovery:discover_packages(path) using defaults
[0.198s] Level 1:colcon.colcon_core.package_discovery:discover_packages(prefix_path) check parameters
[0.198s] Level 1:colcon.colcon_core.package_discovery:discover_packages(prefix_path) discover
[0.199s] DEBUG:colcon.colcon_installed_package_information.package_discovery:Found 2 installed packages in /home/marianabebe/warehouse-robot-task-planner/ros2_ws/install
[0.200s] DEBUG:colcon.colcon_installed_package_information.package_discovery:Found 387 installed packages in /opt/ros/humble
[0.201s] Level 1:colcon.colcon_core.package_discovery:discover_packages(prefix_path) using defaults
[0.229s] Level 5:colcon.colcon_core.verb:set package 'warehouse_description' build argument 'cmake_args' from command line to 'None'
[0.229s] Level 5:colcon.colcon_core.verb:set package 'warehouse_description' build argument 'cmake_target' from command line to 'None'
[0.229s] Level 5:colcon.colcon_core.verb:set package 'warehouse_description' build argument 'cmake_target_skip_unavailable' from command line to 'False'
[0.229s] Level 5:colcon.colcon_core.verb:set package 'warehouse_description' build argument 'cmake_clean_cache' from command line to 'False'
[0.229s] Level 5:colcon.colcon_core.verb:set package 'warehouse_description' build argument 'cmake_clean_first' from command line to 'False'
[0.229s] Level 5:colcon.colcon_core.verb:set package 'warehouse_description' build argument 'cmake_force_configure' from command line to 'False'
[0.229s] Level 5:colcon.colcon_core.verb:set package 'warehouse_description' build argument 'ament_cmake_args' from command line to 'None'
[0.229s] Level 5:colcon.colcon_core.verb:set package 'warehouse_description' build argument 'catkin_cmake_args' from command line to 'None'
[0.229s] Level 5:colcon.colcon_core.verb:set package 'warehouse_description' build argument 'catkin_skip_building_tests' from command line to 'False'
[0.229s] DEBUG:colcon.colcon_core.verb:Building package 'warehouse_description' with the following arguments: {'ament_cmake_args': None, 'build_base': '/home/marianabebe/warehouse-robot-task-planner/ros2_ws/build/warehouse_description', 'catkin_cmake_args': None, 'catkin_skip_building_tests': False, 'cmake_args': None, 'cmake_clean_cache': False, 'cmake_clean_first': False, 'cmake_force_configure': False, 'cmake_target': None, 'cmake_target_skip_unavailable': False, 'install_base': '/home/marianabebe/warehouse-robot-task-planner/ros2_ws/install/warehouse_description', 'merge_install': False, 'path': '/home/marianabebe/warehouse-robot-task-planner/ros2_ws/src/warehouse_description', 'symlink_install': False, 'test_result_base': None}
[0.230s] Level 5:colcon.colcon_core.verb:set package 'warehouse_simulation' build argument 'cmake_args' from command line to 'None'
[0.230s] Level 5:colcon.colcon_core.verb:set package 'warehouse_simulation' build argument 'cmake_target' from command line to 'None'
[0.230s] Level 5:colcon.colcon_core.verb:set package 'warehouse_simulation' build argument 'cmake_target_skip_unavailable' from command line to 'False'
[0.230s] Level 5:colcon.colcon_core.verb:set package 'warehouse_simulation' build argument 'cmake_clean_cache' from command line to 'False'
[0.230s] Level 5:colcon.colcon_core.verb:set package 'warehouse_simulation' build argument 'cmake_clean_first' from command line to 'False'
[0.230s] Level 5:colcon.colcon_core.verb:set package 'warehouse_simulation' build argument 'cmake_force_configure' from command line to 'False'
[0.230s] Level 5:colcon.colcon_core.verb:set package 'warehouse_simulation' build argument 'ament_cmake_args' from command line to 'None'
[0.230s] Level 5:colcon.colcon_core.verb:set package 'warehouse_simulation' build argument 'catkin_cmake_args' from command line to 'None'
[0.230s] Level 5:colcon.colcon_core.verb:set package 'warehouse_simulation' build argument 'catkin_skip_building_tests' from command line to 'False'
[0.230s] DEBUG:colcon.colcon_core.verb:Building package 'warehouse_simulation' with the following arguments: {'ament_cmake_args': None, 'build_base': '/home/marianabebe/warehouse-robot-task-planner/ros2_ws/build/warehouse_simulation', 'catkin_cmake_args': None, 'catkin_skip_building_tests': False, 'cmake_args': None, 'cmake_clean_cache': False, 'cmake_clean_first': False, 'cmake_force_configure': False, 'cmake_target': None, 'cmake_target_skip_unavailable': False, 'install_base': '/home/marianabebe/warehouse-robot-task-planner/ros2_ws/install/warehouse_simulation', 'merge_install': False, 'path': '/home/marianabebe/warehouse-robot-task-planner/ros2_ws/src/warehouse_simulation', 'symlink_install': False, 'test_result_base': None}
[0.230s] INFO:colcon.colcon_core.executor:Executing jobs using 'parallel' executor
[0.231s] DEBUG:colcon.colcon_parallel_executor.executor.parallel:run_until_complete
[0.231s] INFO:colcon.colcon_ros.task.ament_cmake.build:Building ROS package in '/home/marianabebe/warehouse-robot-task-planner/ros2_ws/src/warehouse_description' with build type 'ament_cmake'
[0.231s] INFO:colcon.colcon_cmake.task.cmake.build:Building CMake package in '/home/marianabebe/warehouse-robot-task-planner/ros2_ws/src/warehouse_description'
[0.232s] INFO:colcon.colcon_core.plugin_system:Skipping extension 'colcon_core.shell.bat': Not used on non-Windows systems
[0.232s] INFO:colcon.colcon_core.shell:Skip shell extension 'powershell' for command environment: Not usable outside of PowerShell
[0.232s] DEBUG:colcon.colcon_core.shell:Skip shell extension 'dsv' for command environment
[0.236s] INFO:colcon.colcon_ros.task.ament_cmake.build:Building ROS package in '/home/marianabebe/warehouse-robot-task-planner/ros2_ws/src/warehouse_simulation' with build type 'ament_cmake'
[0.236s] INFO:colcon.colcon_cmake.task.cmake.build:Building CMake package in '/home/marianabebe/warehouse-robot-task-planner/ros2_ws/src/warehouse_simulation'
[0.236s] INFO:colcon.colcon_core.shell:Skip shell extension 'powershell' for command environment: Not usable outside of PowerShell
[0.236s] DEBUG:colcon.colcon_core.shell:Skip shell extension 'dsv' for command environment
[0.244s] DEBUG:colcon.colcon_core.event_handler.log_command:Invoking command in '/home/marianabebe/warehouse-robot-task-planner/ros2_ws/build/warehouse_description': CMAKE_PREFIX_PATH=${CMAKE_PREFIX_PATH}:/opt/ros/humble /usr/bin/cmake --build /home/marianabebe/warehouse-robot-task-planner/ros2_ws/build/warehouse_description -- -j6 -l6
[0.249s] DEBUG:colcon.colcon_core.event_handler.log_command:Invoking command in '/home/marianabebe/warehouse-robot-task-planner/ros2_ws/build/warehouse_simulation': CMAKE_PREFIX_PATH=${CMAKE_PREFIX_PATH}:/opt/ros/humble /usr/bin/cmake --build /home/marianabebe/warehouse-robot-task-planner/ros2_ws/build/warehouse_simulation -- -j6 -l6
[0.280s] DEBUG:colcon.colcon_core.event_handler.log_command:Invoked command in '/home/marianabebe/warehouse-robot-task-planner/ros2_ws/build/warehouse_description' returned '0': CMAKE_PREFIX_PATH=${CMAKE_PREFIX_PATH}:/opt/ros/humble /usr/bin/cmake --build /home/marianabebe/warehouse-robot-task-planner/ros2_ws/build/warehouse_description -- -j6 -l6
[0.287s] DEBUG:colcon.colcon_core.event_handler.log_command:Invoking command in '/home/marianabebe/warehouse-robot-task-planner/ros2_ws/build/warehouse_description': CMAKE_PREFIX_PATH=${CMAKE_PREFIX_PATH}:/opt/ros/humble /usr/bin/cmake --install /home/marianabebe/warehouse-robot-task-planner/ros2_ws/build/warehouse_description
[0.295s] Level 1:colcon.colcon_core.environment:create_environment_scripts_only(warehouse_description)
[0.296s] DEBUG:colcon.colcon_core.event_handler.log_command:Invoked command in '/home/marianabebe/warehouse-robot-task-planner/ros2_ws/build/warehouse_description' returned '0': CMAKE_PREFIX_PATH=${CMAKE_PREFIX_PATH}:/opt/ros/humble /usr/bin/cmake --install /home/marianabebe/warehouse-robot-task-planner/ros2_ws/build/warehouse_description
[0.297s] Level 1:colcon.colcon_core.environment:checking '/home/marianabebe/warehouse-robot-task-planner/ros2_ws/install/warehouse_description' for CMake module files
[0.298s] Level 1:colcon.colcon_core.environment:checking '/home/marianabebe/warehouse-robot-task-planner/ros2_ws/install/warehouse_description' for CMake config files
[0.299s] Level 1:colcon.colcon_core.shell:create_environment_hook('warehouse_description', 'cmake_prefix_path')
[0.299s] INFO:colcon.colcon_core.shell:Creating environment hook '/home/marianabebe/warehouse-robot-task-planner/ros2_ws/install/warehouse_description/share/warehouse_description/hook/cmake_prefix_path.ps1'
[0.300s] INFO:colcon.colcon_core.shell:Creating environment descriptor '/home/marianabebe/warehouse-robot-task-planner/ros2_ws/install/warehouse_description/share/warehouse_description/hook/cmake_prefix_path.dsv'
[0.300s] INFO:colcon.colcon_core.shell:Creating environment hook '/home/marianabebe/warehouse-robot-task-planner/ros2_ws/install/warehouse_description/share/warehouse_description/hook/cmake_prefix_path.sh'
[0.301s] Level 1:colcon.colcon_core.environment:checking '/home/marianabebe/warehouse-robot-task-planner/ros2_ws/install/warehouse_description/bin'
[0.301s] Level 1:colcon.colcon_core.environment:checking '/home/marianabebe/warehouse-robot-task-planner/ros2_ws/install/warehouse_description/lib/pkgconfig/warehouse_description.pc'
[0.301s] Level 1:colcon.colcon_core.environment:checking '/home/marianabebe/warehouse-robot-task-planner/ros2_ws/install/warehouse_description/lib/python3.10/site-packages'
[0.302s] Level 1:colcon.colcon_core.environment:checking '/home/marianabebe/warehouse-robot-task-planner/ros2_ws/install/warehouse_description/bin'
[0.302s] INFO:colcon.colcon_core.shell:Creating package script '/home/marianabebe/warehouse-robot-task-planner/ros2_ws/install/warehouse_description/share/warehouse_description/package.ps1'
[0.302s] INFO:colcon.colcon_core.shell:Creating package descriptor '/home/marianabebe/warehouse-robot-task-planner/ros2_ws/install/warehouse_description/share/warehouse_description/package.dsv'
[0.303s] INFO:colcon.colcon_core.shell:Creating package script '/home/marianabebe/warehouse-robot-task-planner/ros2_ws/install/warehouse_description/share/warehouse_description/package.sh'
[0.303s] INFO:colcon.colcon_core.shell:Creating package script '/home/marianabebe/warehouse-robot-task-planner/ros2_ws/install/warehouse_description/share/warehouse_description/package.bash'
[0.304s] INFO:colcon.colcon_core.shell:Creating package script '/home/marianabebe/warehouse-robot-task-planner/ros2_ws/install/warehouse_description/share/warehouse_description/package.zsh'
[0.304s] Level 1:colcon.colcon_core.environment:create_file_with_runtime_dependencies(/home/marianabebe/warehouse-robot-task-planner/ros2_ws/install/warehouse_description/share/colcon-core/packages/warehouse_description)
[0.305s] Level 1:colcon.colcon_core.environment:create_environment_scripts_only(warehouse_description)
[0.305s] Level 1:colcon.colcon_core.environment:checking '/home/marianabebe/warehouse-robot-task-planner/ros2_ws/install/warehouse_description' for CMake module files
[0.305s] Level 1:colcon.colcon_core.environment:checking '/home/marianabebe/warehouse-robot-task-planner/ros2_ws/install/warehouse_description' for CMake config files
[0.305s] Level 1:colcon.colcon_core.shell:create_environment_hook('warehouse_description', 'cmake_prefix_path')
[0.306s] INFO:colcon.colcon_core.shell:Creating environment hook '/home/marianabebe/warehouse-robot-task-planner/ros2_ws/install/warehouse_description/share/warehouse_description/hook/cmake_prefix_path.ps1'
[0.306s] INFO:colcon.colcon_core.shell:Creating environment descriptor '/home/marianabebe/warehouse-robot-task-planner/ros2_ws/install/warehouse_description/share/warehouse_description/hook/cmake_prefix_path.dsv'
[0.306s] INFO:colcon.colcon_core.shell:Creating environment hook '/home/marianabebe/warehouse-robot-task-planner/ros2_ws/install/warehouse_description/share/warehouse_description/hook/cmake_prefix_path.sh'
[0.307s] Level 1:colcon.colcon_core.environment:checking '/home/marianabebe/warehouse-robot-task-planner/ros2_ws/install/warehouse_description/bin'
[0.307s] Level 1:colcon.colcon_core.environment:checking '/home/marianabebe/warehouse-robot-task-planner/ros2_ws/install/warehouse_description/lib/pkgconfig/warehouse_description.pc'
[0.307s] Level 1:colcon.colcon_core.environment:checking '/home/marianabebe/warehouse-robot-task-planner/ros2_ws/install/warehouse_description/lib/python3.10/site-packages'
[0.307s] Level 1:colcon.colcon_core.environment:checking '/home/marianabebe/warehouse-robot-task-planner/ros2_ws/install/warehouse_description/bin'
[0.307s] INFO:colcon.colcon_core.shell:Creating package script '/home/marianabebe/warehouse-robot-task-planner/ros2_ws/install/warehouse_description/share/warehouse_description/package.ps1'
[0.307s] INFO:colcon.colcon_core.shell:Creating package descriptor '/home/marianabebe/warehouse-robot-task-planner/ros2_ws/install/warehouse_description/share/warehouse_description/package.dsv'
[0.308s] INFO:colcon.colcon_core.shell:Creating package script '/home/marianabebe/warehouse-robot-task-planner/ros2_ws/install/warehouse_description/share/warehouse_description/package.sh'
[0.308s] INFO:colcon.colcon_core.shell:Creating package script '/home/marianabebe/warehouse-robot-task-planner/ros2_ws/install/warehouse_description/share/warehouse_description/package.bash'
[0.308s] INFO:colcon.colcon_core.shell:Creating package script '/home/marianabebe/warehouse-robot-task-planner/ros2_ws/install/warehouse_description/share/warehouse_description/package.zsh'
[0.309s] Level 1:colcon.colcon_core.environment:create_file_with_runtime_dependencies(/home/marianabebe/warehouse-robot-task-planner/ros2_ws/install/warehouse_description/share/colcon-core/packages/warehouse_description)
[3.980s] DEBUG:colcon.colcon_core.event_handler.log_command:Invoked command in '/home/marianabebe/warehouse-robot-task-planner/ros2_ws/build/warehouse_simulation' returned '0': CMAKE_PREFIX_PATH=${CMAKE_PREFIX_PATH}:/opt/ros/humble /usr/bin/cmake --build /home/marianabebe/warehouse-robot-task-planner/ros2_ws/build/warehouse_simulation -- -j6 -l6
[3.982s] DEBUG:colcon.colcon_core.event_handler.log_command:Invoking command in '/home/marianabebe/warehouse-robot-task-planner/ros2_ws/build/warehouse_simulation': CMAKE_PREFIX_PATH=${CMAKE_PREFIX_PATH}:/opt/ros/humble /usr/bin/cmake --install /home/marianabebe/warehouse-robot-task-planner/ros2_ws/build/warehouse_simulation
[3.992s] Level 1:colcon.colcon_core.environment:create_environment_scripts_only(warehouse_simulation)
[3.992s] Level 1:colcon.colcon_core.environment:checking '/home/marianabebe/warehouse-robot-task-planner/ros2_ws/install/warehouse_simulation' for CMake module files
[3.993s] DEBUG:colcon.colcon_core.event_handler.log_command:Invoked command in '/home/marianabebe/warehouse-robot-task-planner/ros2_ws/build/warehouse_simulation' returned '0': CMAKE_PREFIX_PATH=${CMAKE_PREFIX_PATH}:/opt/ros/humble /usr/bin/cmake --install /home/marianabebe/warehouse-robot-task-planner/ros2_ws/build/warehouse_simulation
[3.993s] Level 1:colcon.colcon_core.environment:checking '/home/marianabebe/warehouse-robot-task-planner/ros2_ws/install/warehouse_simulation' for CMake config files
[3.993s] Level 1:colcon.colcon_core.shell:create_environment_hook('warehouse_simulation', 'cmake_prefix_path')
[3.993s] INFO:colcon.colcon_core.shell:Creating environment hook '/home/marianabebe/warehouse-robot-task-planner/ros2_ws/install/warehouse_simulation/share/warehouse_simulation/hook/cmake_prefix_path.ps1'
[3.993s] INFO:colcon.colcon_core.shell:Creating environment descriptor '/home/marianabebe/warehouse-robot-task-planner/ros2_ws/install/warehouse_simulation/share/warehouse_simulation/hook/cmake_prefix_path.dsv'
[3.994s] INFO:colcon.colcon_core.shell:Creating environment hook '/home/marianabebe/warehouse-robot-task-planner/ros2_ws/install/warehouse_simulation/share/warehouse_simulation/hook/cmake_prefix_path.sh'
[3.994s] Level 1:colcon.colcon_core.environment:checking '/home/marianabebe/warehouse-robot-task-planner/ros2_ws/install/warehouse_simulation/lib'
[3.995s] Level 1:colcon.colcon_core.environment:checking '/home/marianabebe/warehouse-robot-task-planner/ros2_ws/install/warehouse_simulation/bin'
[3.995s] Level 1:colcon.colcon_core.environment:checking '/home/marianabebe/warehouse-robot-task-planner/ros2_ws/install/warehouse_simulation/lib/pkgconfig/warehouse_simulation.pc'
[3.995s] Level 1:colcon.colcon_core.environment:checking '/home/marianabebe/warehouse-robot-task-planner/ros2_ws/install/warehouse_simulation/lib/python3.10/site-packages'
[3.995s] Level 1:colcon.colcon_core.environment:checking '/home/marianabebe/warehouse-robot-task-planner/ros2_ws/install/warehouse_simulation/bin'
[3.995s] INFO:colcon.colcon_core.shell:Creating package script '/home/marianabebe/warehouse-robot-task-planner/ros2_ws/install/warehouse_simulation/share/warehouse_simulation/package.ps1'
[3.996s] INFO:colcon.colcon_core.shell:Creating package descriptor '/home/marianabebe/warehouse-robot-task-planner/ros2_ws/install/warehouse_simulation/share/warehouse_simulation/package.dsv'
[3.996s] INFO:colcon.colcon_core.shell:Creating package script '/home/marianabebe/warehouse-robot-task-planner/ros2_ws/install/warehouse_simulation/share/warehouse_simulation/package.sh'
[3.997s] INFO:colcon.colcon_core.shell:Creating package script '/home/marianabebe/warehouse-robot-task-planner/ros2_ws/install/warehouse_simulation/share/warehouse_simulation/package.bash'
[3.997s] INFO:colcon.colcon_core.shell:Creating package script '/home/marianabebe/warehouse-robot-task-planner/ros2_ws/install/warehouse_simulation/share/warehouse_simulation/package.zsh'
[3.997s] Level 1:colcon.colcon_core.environment:create_file_with_runtime_dependencies(/home/marianabebe/warehouse-robot-task-planner/ros2_ws/install/warehouse_simulation/share/colcon-core/packages/warehouse_simulation)
[3.998s] Level 1:colcon.colcon_core.environment:create_environment_scripts_only(warehouse_simulation)
[3.998s] Level 1:colcon.colcon_core.environment:checking '/home/marianabebe/warehouse-robot-task-planner/ros2_ws/install/warehouse_simulation' for CMake module files
[3.998s] Level 1:colcon.colcon_core.environment:checking '/home/marianabebe/warehouse-robot-task-planner/ros2_ws/install/warehouse_simulation' for CMake config files
[3.998s] Level 1:colcon.colcon_core.shell:create_environment_hook('warehouse_simulation', 'cmake_prefix_path')
[3.998s] INFO:colcon.colcon_core.shell:Creating environment hook '/home/marianabebe/warehouse-robot-task-planner/ros2_ws/install/warehouse_simulation/share/warehouse_simulation/hook/cmake_prefix_path.ps1'
[3.999s] INFO:colcon.colcon_core.shell:Creating environment descriptor '/home/marianabebe/warehouse-robot-task-planner/ros2_ws/install/warehouse_simulation/share/warehouse_simulation/hook/cmake_prefix_path.dsv'
[3.999s] INFO:colcon.colcon_core.shell:Creating environment hook '/home/marianabebe/warehouse-robot-task-planner/ros2_ws/install/warehouse_simulation/share/warehouse_simulation/hook/cmake_prefix_path.sh'
[4.000s] Level 1:colcon.colcon_core.environment:checking '/home/marianabebe/warehouse-robot-task-planner/ros2_ws/install/warehouse_simulation/lib'
[4.000s] Level 1:colcon.colcon_core.environment:checking '/home/marianabebe/warehouse-robot-task-planner/ros2_ws/install/warehouse_simulation/bin'
[4.000s] Level 1:colcon.colcon_core.environment:checking '/home/marianabebe/warehouse-robot-task-planner/ros2_ws/install/warehouse_simulation/lib/pkgconfig/warehouse_simulation.pc'
[4.000s] Level 1:colcon.colcon_core.environment:checking '/home/marianabebe/warehouse-robot-task-planner/ros2_ws/install/warehouse_simulation/lib/python3.10/site-packages'
[4.000s] Level 1:colcon.colcon_core.environment:checking '/home/marianabebe/warehouse-robot-task-planner/ros2_ws/install/warehouse_simulation/bin'
[4.000s] INFO:colcon.colcon_core.shell:Creating package script '/home/marianabebe/warehouse-robot-task-planner/ros2_ws/install/warehouse_simulation/share/warehouse_simulation/package.ps1'
[4.001s] INFO:colcon.colcon_core.shell:Creating package descriptor '/home/marianabebe/warehouse-robot-task-planner/ros2_ws/install/warehouse_simulation/share/warehouse_simulation/package.dsv'
[4.001s] INFO:colcon.colcon_core.shell:Creating package script '/home/marianabebe/warehouse-robot-task-planner/ros2_ws/install/warehouse_simulation/share/warehouse_simulation/package.sh'
[4.001s] INFO:colcon.colcon_core.shell:Creating package script '/home/marianabebe/warehouse-robot-task-planner/ros2_ws/install/warehouse_simulation/share/warehouse_simulation/package.bash'
[4.002s] INFO:colcon.colcon_core.shell:Creating package script '/home/marianabebe/warehouse-robot-task-planner/ros2_ws/install/warehouse_simulation/share/warehouse_simulation/package.zsh'
[4.002s] Level 1:colcon.colcon_core.environment:create_file_with_runtime_dependencies(/home/marianabebe/warehouse-robot-task-planner/ros2_ws/install/warehouse_simulation/share/colcon-core/packages/warehouse_simulation)
[4.003s] DEBUG:colcon.colcon_parallel_executor.executor.parallel:closing loop
[4.003s] DEBUG:colcon.colcon_parallel_executor.executor.parallel:loop closed
[4.003s] DEBUG:colcon.colcon_parallel_executor.executor.parallel:run_until_complete finished with '0'
[4.003s] DEBUG:colcon.colcon_core.event_reactor:joining thread
[4.011s] INFO:colcon.colcon_core.plugin_system:Skipping extension 'colcon_notification.desktop_notification.terminal_notifier': Not used on non-Darwin systems
[4.011s] INFO:colcon.colcon_core.plugin_system:Skipping extension 'colcon_notification.desktop_notification.win32': Not used on non-Windows systems
[4.011s] INFO:colcon.colcon_notification.desktop_notification:Sending desktop notification using 'notify2'
[4.030s] DEBUG:colcon.colcon_core.event_reactor:joined thread
[4.031s] INFO:colcon.colcon_core.shell:Creating prefix script '/home/marianabebe/warehouse-robot-task-planner/ros2_ws/install/local_setup.ps1'
[4.032s] INFO:colcon.colcon_core.shell:Creating prefix util module '/home/marianabebe/warehouse-robot-task-planner/ros2_ws/install/_local_setup_util_ps1.py'
[4.033s] INFO:colcon.colcon_core.shell:Creating prefix chain script '/home/marianabebe/warehouse-robot-task-planner/ros2_ws/install/setup.ps1'
[4.034s] INFO:colcon.colcon_core.shell:Creating prefix script '/home/marianabebe/warehouse-robot-task-planner/ros2_ws/install/local_setup.sh'
[4.035s] INFO:colcon.colcon_core.shell:Creating prefix util module '/home/marianabebe/warehouse-robot-task-planner/ros2_ws/install/_local_setup_util_sh.py'
[4.035s] INFO:colcon.colcon_core.shell:Creating prefix chain script '/home/marianabebe/warehouse-robot-task-planner/ros2_ws/install/setup.sh'
[4.036s] INFO:colcon.colcon_core.shell:Creating prefix script '/home/marianabebe/warehouse-robot-task-planner/ros2_ws/install/local_setup.bash'
[4.036s] INFO:colcon.colcon_core.shell:Creating prefix chain script '/home/marianabebe/warehouse-robot-task-planner/ros2_ws/install/setup.bash'
[4.037s] INFO:colcon.colcon_core.shell:Creating prefix script '/home/marianabebe/warehouse-robot-task-planner/ros2_ws/install/local_setup.zsh'
[4.038s] INFO:colcon.colcon_core.shell:Creating prefix chain script '/home/marianabebe/warehouse-robot-task-planner/ros2_ws/install/setup.zsh'
