[100%] Built target simulation_status_node
-- Install configuration: ""
-- Up-to-date: /home/marianabebe/warehouse-robot-task-planner/ros2_ws/install/warehouse_simulation/lib/warehouse_simulation/simulation_status_node
-- Up-to-date: /home/marianabebe/warehouse-robot-task-planner/ros2_ws/install/warehouse_simulation/share/warehouse_simulation/launch
-- Up-to-date: /home/marianabebe/warehouse-robot-task-planner/ros2_ws/install/warehouse_simulation/share/warehouse_simulation/launch/simulation_status.launch.py
-- Up-to-date: /home/marianabebe/warehouse-robot-task-planner/ros2_ws/install/warehouse_simulation/share/ament_index/resource_index/package_run_dependencies/warehouse_simulation
-- Up-to-date: /home/marianabebe/warehouse-robot-task-planner/ros2_ws/install/warehouse_simulation/share/ament_index/resource_index/parent_prefix_path/warehouse_simulation
-- Up-to-date: /home/marianabebe/warehouse-robot-task-planner/ros2_ws/install/warehouse_simulation/share/warehouse_simulation/environment/ament_prefix_path.sh
-- Up-to-date: /home/marianabebe/warehouse-robot-task-planner/ros2_ws/install/warehouse_simulation/share/warehouse_simulation/environment/ament_prefix_path.dsv
-- Up-to-date: /home/marianabebe/warehouse-robot-task-planner/ros2_ws/install/warehouse_simulation/share/warehouse_simulation/environment/path.sh
-- Up-to-date: /home/marianabebe/warehouse-robot-task-planner/ros2_ws/install/warehouse_simulation/share/warehouse_simulation/environment/path.dsv
-- Up-to-date: /home/marianabebe/warehouse-robot-task-planner/ros2_ws/install/warehouse_simulation/share/warehouse_simulation/local_setup.bash
-- Up-to-date: /home/marianabebe/warehouse-robot-task-planner/ros2_ws/install/warehouse_simulation/share/warehouse_simulation/local_setup.sh
-- Up-to-date: /home/marianabebe/warehouse-robot-task-planner/ros2_ws/install/warehouse_simulation/share/warehouse_simulation/local_setup.zsh
-- Up-to-date: /home/marianabebe/warehouse-robot-task-planner/ros2_ws/install/warehouse_simulation/share/warehouse_simulation/local_setup.dsv
-- Up-to-date: /home/marianabebe/warehouse-robot-task-planner/ros2_ws/install/warehouse_simulation/share/warehouse_simulation/package.dsv
-- Up-to-date: /home/marianabebe/warehouse-robot-task-planner/ros2_ws/install/warehouse_simulation/share/ament_index/resource_index/packages/warehouse_simulation
-- Up-to-date: /home/marianabebe/warehouse-robot-task-planner/ros2_ws/install/warehouse_simulation/share/warehouse_simulation/cmake/warehouse_simulationConfig.cmake
-- Up-to-date: /home/marianabebe/warehouse-robot-task-planner/ros2_ws/install/warehouse_simulation/share/warehouse_simulation/cmake/warehouse_simulationConfig-version.cmake
-- Up-to-date: /home/marianabebe/warehouse-robot-task-planner/ros2_ws/install/warehouse_simulation/share/warehouse_simulation/package.xml
