[0.064s] DEBUG:colcon:Command line arguments: ['/usr/bin/colcon', 'build']
[0.064s] DEBUG:colcon:Parsed command line arguments: Namespace(log_base=None, log_level=None, verb_name='build', build_base='build', install_base='install', merge_install=False, symlink_install=False, test_result_base=None, continue_on_error=False, executor='parallel', parallel_workers=6, event_handlers=None, ignore_user_meta=False, metas=['./colcon.meta'], base_paths=['.'], packages_ignore=None, packages_ignore_regex=None, paths=None, packages_up_to=None, packages_up_to_regex=None, packages_above=None, packages_above_and_dependencies=None, packages_above_depth=None, packages_select_by_dep=None, packages_skip_by_dep=None, packages_skip_up_to=None, packages_select_build_failed=False, packages_skip_build_finished=False, packages_select_test_failures=False, packages_skip_test_passed=False, packages_select=None, packages_skip=None, packages_select_regex=None, packages_skip_regex=None, packages_start=None, packages_end=None, allow_overriding=[], cmake_args=None, cmake_target=None, cmake_target_skip_unavailable=False, cmake_clean_cache=False, cmake_clean_first=False, cmake_force_configure=False, ament_cmake_args=None, catkin_cmake_args=None, catkin_skip_building_tests=False, mixin_files=None, mixin=None, verb_parser=<colcon_mixin.mixin.mixin_argument.MixinArgumentDecorator object at 0xe05e711e60e0>, verb_extension=<colcon_core.verb.build.BuildVerb object at 0xe05e711e5b70>, main=<bound method BuildVerb.main of <colcon_core.verb.build.BuildVerb object at 0xe05e711e5b70>>, mixin_verb=('build',))
[0.158s] Level 1:colcon.colcon_core.package_discovery:discover_packages(colcon_meta) check parameters
[0.158s] Level 1:colcon.colcon_core.package_discovery:discover_packages(recursive) check parameters
[0.158s] Level 1:colcon.colcon_core.package_discovery:discover_packages(ignore) check parameters
[0.158s] Level 1:colcon.colcon_core.package_discovery:discover_packages(path) check parameters
[0.158s] Level 1:colcon.colcon_core.package_discovery:discover_packages(colcon_meta) discover
[0.158s] Level 1:colcon.colcon_core.package_discovery:discover_packages(recursive) discover
[0.158s] INFO:colcon.colcon_core.package_discovery:Crawling recursively for packages in '/home/marianabebe/warehouse-robot-task-planner/ros2_ws'
[0.158s] Level 1:colcon.colcon_core.package_identification:_identify(.) by extensions ['ignore', 'ignore_ament_install']
[0.158s] Level 1:colcon.colcon_core.package_identification:_identify(.) by extension 'ignore'
[0.158s] Level 1:colcon.colcon_core.package_identification:_identify(.) by extension 'ignore_ament_install'
[0.159s] Level 1:colcon.colcon_core.package_identification:_identify(.) by extensions ['colcon_pkg']
[0.159s] Level 1:colcon.colcon_core.package_identification:_identify(.) by extension 'colcon_pkg'
[0.159s] Level 1:colcon.colcon_core.package_identification:_identify(.) by extensions ['colcon_meta']
[0.159s] Level 1:colcon.colcon_core.package_identification:_identify(.) by extension 'colcon_meta'
[0.159s] Level 1:colcon.colcon_core.package_identification:_identify(.) by extensions ['ros']
[0.159s] Level 1:colcon.colcon_core.package_identification:_identify(.) by extension 'ros'
[0.165s] Level 1:colcon.colcon_core.package_identification:_identify(.) by extensions ['cmake', 'python']
[0.165s] Level 1:colcon.colcon_core.package_identification:_identify(.) by extension 'cmake'
[0.165s] Level 1:colcon.colcon_core.package_identification:_identify(.) by extension 'python'
[0.165s] Level 1:colcon.colcon_core.package_identification:_identify(.) by extensions ['python_setup_py']
[0.165s] Level 1:colcon.colcon_core.package_identification:_identify(.) by extension 'python_setup_py'
[0.165s] Level 1:colcon.colcon_core.package_identification:_identify(build) by extensions ['ignore', 'ignore_ament_install']
[0.165s] Level 1:colcon.colcon_core.package_identification:_identify(build) by extension 'ignore'
[0.165s] Level 1:colcon.colcon_core.package_identification:_identify(build) ignored
[0.165s] Level 1:colcon.colcon_core.package_identification:_identify(install) by extensions ['ignore', 'ignore_ament_install']
[0.165s] Level 1:colcon.colcon_core.package_identification:_identify(install) by extension 'ignore'
[0.165s] Level 1:colcon.colcon_core.package_identification:_identify(install) ignored
[0.165s] Level 1:colcon.colcon_core.package_identification:_identify(log) by extensions ['ignore', 'ignore_ament_install']
[0.165s] Level 1:colcon.colcon_core.package_identification:_identify(log) by extension 'ignore'
[0.165s] Level 1:colcon.colcon_core.package_identification:_identify(log) ignored
[0.165s] Level 1:colcon.colcon_core.package_identification:_identify(src) by extensions ['ignore', 'ignore_ament_install']
[0.165s] Level 1:colcon.colcon_core.package_identification:_identify(src) by extension 'ignore'
[0.165s] Level 1:colcon.colcon_core.package_identification:_identify(src) by extension 'ignore_ament_install'
[0.165s] Level 1:colcon.colcon_core.package_identification:_identify(src) by extensions ['colcon_pkg']
[0.165s] Level 1:colcon.colcon_core.package_identification:_identify(src) by extension 'colcon_pkg'
[0.165s] Level 1:colcon.colcon_core.package_identification:_identify(src) by extensions ['colcon_meta']
[0.165s] Level 1:colcon.colcon_core.package_identification:_identify(src) by extension 'colcon_meta'
[0.165s] Level 1:colcon.colcon_core.package_identification:_identify(src) by extensions ['ros']
[0.165s] Level 1:colcon.colcon_core.package_identification:_identify(src) by extension 'ros'
[0.165s] Level 1:colcon.colcon_core.package_identification:_identify(src) by extensions ['cmake', 'python']
[0.165s] Level 1:colcon.colcon_core.package_identification:_identify(src) by extension 'cmake'
[0.165s] Level 1:colcon.colcon_core.package_identification:_identify(src) by extension 'python'
[0.165s] Level 1:colcon.colcon_core.package_identification:_identify(src) by extensions ['python_setup_py']
[0.165s] Level 1:colcon.colcon_core.package_identification:_identify(src) by extension 'python_setup_py'
[0.165s] Level 1:colcon.colcon_core.package_identification:_identify(src/warehouse_simulation) by extensions ['ignore', 'ignore_ament_install']
[0.165s] Level 1:colcon.colcon_core.package_identification:_identify(src/warehouse_simulation) by extension 'ignore'
[0.165s] Level 1:colcon.colcon_core.package_identification:_identify(src/warehouse_simulation) by extension 'ignore_ament_install'
[0.166s] Level 1:colcon.colcon_core.package_identification:_identify(src/warehouse_simulation) by extensions ['colcon_pkg']
[0.166s] Level 1:colcon.colcon_core.package_identification:_identify(src/warehouse_simulation) by extension 'colcon_pkg'
[0.166s] Level 1:colcon.colcon_core.package_identification:_identify(src/warehouse_simulation) by extensions ['colcon_meta']
[0.166s] Level 1:colcon.colcon_core.package_identification:_identify(src/warehouse_simulation) by extension 'colcon_meta'
[0.166s] Level 1:colcon.colcon_core.package_identification:_identify(src/warehouse_simulation) by extensions ['ros']
[0.166s] Level 1:colcon.colcon_core.package_identification:_identify(src/warehouse_simulation) by extension 'ros'
[0.168s] DEBUG:colcon.colcon_core.package_identification:Package 'src/warehouse_simulation' with type 'ros.ament_cmake' and name 'warehouse_simulation'
[0.168s] Level 1:colcon.colcon_core.package_discovery:discover_packages(recursive) using defaults
[0.168s] Level 1:colcon.colcon_core.package_discovery:discover_packages(ignore) discover
[0.168s] Level 1:colcon.colcon_core.package_discovery:discover_packages(ignore) using defaults
[0.168s] Level 1:colcon.colcon_core.package_discovery:discover_packages(path) discover
[0.168s] Level 1:colcon.colcon_core.package_discovery:discover_packages(path) using defaults
[0.184s] Level 1:colcon.colcon_core.package_discovery:discover_packages(prefix_path) check parameters
[0.184s] Level 1:colcon.colcon_core.package_discovery:discover_packages(prefix_path) discover
[0.185s] DEBUG:colcon.colcon_installed_package_information.package_discovery:Found 1 installed packages in /home/marianabebe/warehouse-robot-task-planner/ros2_ws/install
[0.186s] DEBUG:colcon.colcon_installed_package_information.package_discovery:Found 385 installed packages in /opt/ros/humble
[0.187s] Level 1:colcon.colcon_core.package_discovery:discover_packages(prefix_path) using defaults
[0.215s] Level 5:colcon.colcon_core.verb:set package 'warehouse_simulation' build argument 'cmake_args' from command line to 'None'
[0.215s] Level 5:colcon.colcon_core.verb:set package 'warehouse_simulation' build argument 'cmake_target' from command line to 'None'
[0.215s] Level 5:colcon.colcon_core.verb:set package 'warehouse_simulation' build argument 'cmake_target_skip_unavailable' from command line to 'False'
[0.215s] Level 5:colcon.colcon_core.verb:set package 'warehouse_simulation' build argument 'cmake_clean_cache' from command line to 'False'
[0.215s] Level 5:colcon.colcon_core.verb:set package 'warehouse_simulation' build argument 'cmake_clean_first' from command line to 'False'
[0.215s] Level 5:colcon.colcon_core.verb:set package 'warehouse_simulation' build argument 'cmake_force_configure' from command line to 'False'
[0.215s] Level 5:colcon.colcon_core.verb:set package 'warehouse_simulation' build argument 'ament_cmake_args' from command line to 'None'
[0.215s] Level 5:colcon.colcon_core.verb:set package 'warehouse_simulation' build argument 'catkin_cmake_args' from command line to 'None'
[0.215s] Level 5:colcon.colcon_core.verb:set package 'warehouse_simulation' build argument 'catkin_skip_building_tests' from command line to 'False'
[0.215s] DEBUG:colcon.colcon_core.verb:Building package 'warehouse_simulation' with the following arguments: {'ament_cmake_args': None, 'build_base': '/home/marianabebe/warehouse-robot-task-planner/ros2_ws/build/warehouse_simulation', 'catkin_cmake_args': None, 'catkin_skip_building_tests': False, 'cmake_args': None, 'cmake_clean_cache': False, 'cmake_clean_first': False, 'cmake_force_configure': False, 'cmake_target': None, 'cmake_target_skip_unavailable': False, 'install_base': '/home/marianabebe/warehouse-robot-task-planner/ros2_ws/install/warehouse_simulation', 'merge_install': False, 'path': '/home/marianabebe/warehouse-robot-task-planner/ros2_ws/src/warehouse_simulation', 'symlink_install': False, 'test_result_base': None}
[0.215s] INFO:colcon.colcon_core.executor:Executing jobs using 'parallel' executor
[0.216s] DEBUG:colcon.colcon_parallel_executor.executor.parallel:run_until_complete
[0.216s] INFO:colcon.colcon_ros.task.ament_cmake.build:Building ROS package in '/home/marianabebe/warehouse-robot-task-planner/ros2_ws/src/warehouse_simulation' with build type 'ament_cmake'
[0.216s] INFO:colcon.colcon_cmake.task.cmake.build:Building CMake package in '/home/marianabebe/warehouse-robot-task-planner/ros2_ws/src/warehouse_simulation'
[0.217s] INFO:colcon.colcon_core.plugin_system:Skipping extension 'colcon_core.shell.bat': Not used on non-Windows systems
[0.217s] INFO:colcon.colcon_core.shell:Skip shell extension 'powershell' for command environment: Not usable outside of PowerShell
[0.217s] DEBUG:colcon.colcon_core.shell:Skip shell extension 'dsv' for command environment
[0.224s] DEBUG:colcon.colcon_core.event_handler.log_command:Invoking command in '/home/marianabebe/warehouse-robot-task-planner/ros2_ws/build/warehouse_simulation': CMAKE_PREFIX_PATH=${CMAKE_PREFIX_PATH}:/opt/ros/humble /usr/bin/cmake --build /home/marianabebe/warehouse-robot-task-planner/ros2_ws/build/warehouse_simulation -- -j6 -l6
[0.617s] DEBUG:colcon.colcon_core.event_handler.log_command:Invoked command in '/home/marianabebe/warehouse-robot-task-planner/ros2_ws/build/warehouse_simulation' returned '0': CMAKE_PREFIX_PATH=${CMAKE_PREFIX_PATH}:/opt/ros/humble /usr/bin/cmake --build /home/marianabebe/warehouse-robot-task-planner/ros2_ws/build/warehouse_simulation -- -j6 -l6
[0.625s] DEBUG:colcon.colcon_core.event_handler.log_command:Invoking command in '/home/marianabebe/warehouse-robot-task-planner/ros2_ws/build/warehouse_simulation': CMAKE_PREFIX_PATH=${CMAKE_PREFIX_PATH}:/opt/ros/humble /usr/bin/cmake --install /home/marianabebe/warehouse-robot-task-planner/ros2_ws/build/warehouse_simulation
[0.631s] Level 1:colcon.colcon_core.environment:create_environment_scripts_only(warehouse_simulation)
[0.631s] DEBUG:colcon.colcon_core.event_handler.log_command:Invoked command in '/home/marianabebe/warehouse-robot-task-planner/ros2_ws/build/warehouse_simulation' returned '0': CMAKE_PREFIX_PATH=${CMAKE_PREFIX_PATH}:/opt/ros/humble /usr/bin/cmake --install /home/marianabebe/warehouse-robot-task-planner/ros2_ws/build/warehouse_simulation
[0.632s] Level 1:colcon.colcon_core.environment:checking '/home/marianabebe/warehouse-robot-task-planner/ros2_ws/install/warehouse_simulation' for CMake module files
[0.633s] Level 1:colcon.colcon_core.environment:checking '/home/marianabebe/warehouse-robot-task-planner/ros2_ws/install/warehouse_simulation' for CMake config files
[0.633s] Level 1:colcon.colcon_core.shell:create_environment_hook('warehouse_simulation', 'cmake_prefix_path')
[0.633s] INFO:colcon.colcon_core.shell:Creating environment hook '/home/marianabebe/warehouse-robot-task-planner/ros2_ws/install/warehouse_simulation/share/warehouse_simulation/hook/cmake_prefix_path.ps1'
[0.633s] INFO:colcon.colcon_core.shell:Creating environment descriptor '/home/marianabebe/warehouse-robot-task-planner/ros2_ws/install/warehouse_simulation/share/warehouse_simulation/hook/cmake_prefix_path.dsv'
[0.634s] INFO:colcon.colcon_core.shell:Creating environment hook '/home/marianabebe/warehouse-robot-task-planner/ros2_ws/install/warehouse_simulation/share/warehouse_simulation/hook/cmake_prefix_path.sh'
[0.635s] Level 1:colcon.colcon_core.environment:checking '/home/marianabebe/warehouse-robot-task-planner/ros2_ws/install/warehouse_simulation/lib'
[0.635s] Level 1:colcon.colcon_core.environment:checking '/home/marianabebe/warehouse-robot-task-planner/ros2_ws/install/warehouse_simulation/bin'
[0.635s] Level 1:colcon.colcon_core.environment:checking '/home/marianabebe/warehouse-robot-task-planner/ros2_ws/install/warehouse_simulation/lib/pkgconfig/warehouse_simulation.pc'
[0.635s] Level 1:colcon.colcon_core.environment:checking '/home/marianabebe/warehouse-robot-task-planner/ros2_ws/install/warehouse_simulation/lib/python3.10/site-packages'
[0.635s] Level 1:colcon.colcon_core.environment:checking '/home/marianabebe/warehouse-robot-task-planner/ros2_ws/install/warehouse_simulation/bin'
[0.635s] INFO:colcon.colcon_core.shell:Creating package script '/home/marianabebe/warehouse-robot-task-planner/ros2_ws/install/warehouse_simulation/share/warehouse_simulation/package.ps1'
[0.636s] INFO:colcon.colcon_core.shell:Creating package descriptor '/home/marianabebe/warehouse-robot-task-planner/ros2_ws/install/warehouse_simulation/share/warehouse_simulation/package.dsv'
[0.636s] INFO:colcon.colcon_core.shell:Creating package script '/home/marianabebe/warehouse-robot-task-planner/ros2_ws/install/warehouse_simulation/share/warehouse_simulation/package.sh'
[0.637s] INFO:colcon.colcon_core.shell:Creating package script '/home/marianabebe/warehouse-robot-task-planner/ros2_ws/install/warehouse_simulation/share/warehouse_simulation/package.bash'
[0.638s] INFO:colcon.colcon_core.shell:Creating package script '/home/marianabebe/warehouse-robot-task-planner/ros2_ws/install/warehouse_simulation/share/warehouse_simulation/package.zsh'
[0.638s] Level 1:colcon.colcon_core.environment:create_file_with_runtime_dependencies(/home/marianabebe/warehouse-robot-task-planner/ros2_ws/install/warehouse_simulation/share/colcon-core/packages/warehouse_simulation)
[0.639s] Level 1:colcon.colcon_core.environment:create_environment_scripts_only(warehouse_simulation)
[0.639s] Level 1:colcon.colcon_core.environment:checking '/home/marianabebe/warehouse-robot-task-planner/ros2_ws/install/warehouse_simulation' for CMake module files
[0.639s] Level 1:colcon.colcon_core.environment:checking '/home/marianabebe/warehouse-robot-task-planner/ros2_ws/install/warehouse_simulation' for CMake config files
[0.639s] Level 1:colcon.colcon_core.shell:create_environment_hook('warehouse_simulation', 'cmake_prefix_path')
[0.639s] INFO:colcon.colcon_core.shell:Creating environment hook '/home/marianabebe/warehouse-robot-task-planner/ros2_ws/install/warehouse_simulation/share/warehouse_simulation/hook/cmake_prefix_path.ps1'
[0.640s] INFO:colcon.colcon_core.shell:Creating environment descriptor '/home/marianabebe/warehouse-robot-task-planner/ros2_ws/install/warehouse_simulation/share/warehouse_simulation/hook/cmake_prefix_path.dsv'
[0.640s] INFO:colcon.colcon_core.shell:Creating environment hook '/home/marianabebe/warehouse-robot-task-planner/ros2_ws/install/warehouse_simulation/share/warehouse_simulation/hook/cmake_prefix_path.sh'
[0.641s] Level 1:colcon.colcon_core.environment:checking '/home/marianabebe/warehouse-robot-task-planner/ros2_ws/install/warehouse_simulation/lib'
[0.641s] Level 1:colcon.colcon_core.environment:checking '/home/marianabebe/warehouse-robot-task-planner/ros2_ws/install/warehouse_simulation/bin'
[0.641s] Level 1:colcon.colcon_core.environment:checking '/home/marianabebe/warehouse-robot-task-planner/ros2_ws/install/warehouse_simulation/lib/pkgconfig/warehouse_simulation.pc'
[0.641s] Level 1:colcon.colcon_core.environment:checking '/home/marianabebe/warehouse-robot-task-planner/ros2_ws/install/warehouse_simulation/lib/python3.10/site-packages'
[0.641s] Level 1:colcon.colcon_core.environment:checking '/home/marianabebe/warehouse-robot-task-planner/ros2_ws/install/warehouse_simulation/bin'
[0.641s] INFO:colcon.colcon_core.shell:Creating package script '/home/marianabebe/warehouse-robot-task-planner/ros2_ws/install/warehouse_simulation/share/warehouse_simulation/package.ps1'
[0.642s] INFO:colcon.colcon_core.shell:Creating package descriptor '/home/marianabebe/warehouse-robot-task-planner/ros2_ws/install/warehouse_simulation/share/warehouse_simulation/package.dsv'
[0.642s] INFO:colcon.colcon_core.shell:Creating package script '/home/marianabebe/warehouse-robot-task-planner/ros2_ws/install/warehouse_simulation/share/warehouse_simulation/package.sh'
[0.642s] INFO:colcon.colcon_core.shell:Creating package script '/home/marianabebe/warehouse-robot-task-planner/ros2_ws/install/warehouse_simulation/share/warehouse_simulation/package.bash'
[0.643s] INFO:colcon.colcon_core.shell:Creating package script '/home/marianabebe/warehouse-robot-task-planner/ros2_ws/install/warehouse_simulation/share/warehouse_simulation/package.zsh'
[0.643s] Level 1:colcon.colcon_core.environment:create_file_with_runtime_dependencies(/home/marianabebe/warehouse-robot-task-planner/ros2_ws/install/warehouse_simulation/share/colcon-core/packages/warehouse_simulation)
[0.643s] DEBUG:colcon.colcon_parallel_executor.executor.parallel:closing loop
[0.643s] DEBUG:colcon.colcon_parallel_executor.executor.parallel:loop closed
[0.643s] DEBUG:colcon.colcon_parallel_executor.executor.parallel:run_until_complete finished with '0'
[0.643s] DEBUG:colcon.colcon_core.event_reactor:joining thread
[0.647s] INFO:colcon.colcon_core.plugin_system:Skipping extension 'colcon_notification.desktop_notification.terminal_notifier': Not used on non-Darwin systems
[0.647s] INFO:colcon.colcon_core.plugin_system:Skipping extension 'colcon_notification.desktop_notification.win32': Not used on non-Windows systems
[0.647s] INFO:colcon.colcon_notification.desktop_notification:Sending desktop notification using 'notify2'
[0.656s] DEBUG:colcon.colcon_core.event_reactor:joined thread
[0.656s] INFO:colcon.colcon_core.shell:Creating prefix script '/home/marianabebe/warehouse-robot-task-planner/ros2_ws/install/local_setup.ps1'
[0.657s] INFO:colcon.colcon_core.shell:Creating prefix util module '/home/marianabebe/warehouse-robot-task-planner/ros2_ws/install/_local_setup_util_ps1.py'
[0.658s] INFO:colcon.colcon_core.shell:Creating prefix chain script '/home/marianabebe/warehouse-robot-task-planner/ros2_ws/install/setup.ps1'
[0.659s] INFO:colcon.colcon_core.shell:Creating prefix script '/home/marianabebe/warehouse-robot-task-planner/ros2_ws/install/local_setup.sh'
[0.659s] INFO:colcon.colcon_core.shell:Creating prefix util module '/home/marianabebe/warehouse-robot-task-planner/ros2_ws/install/_local_setup_util_sh.py'
[0.660s] INFO:colcon.colcon_core.shell:Creating prefix chain script '/home/marianabebe/warehouse-robot-task-planner/ros2_ws/install/setup.sh'
[0.661s] INFO:colcon.colcon_core.shell:Creating prefix script '/home/marianabebe/warehouse-robot-task-planner/ros2_ws/install/local_setup.bash'
[0.661s] INFO:colcon.colcon_core.shell:Creating prefix chain script '/home/marianabebe/warehouse-robot-task-planner/ros2_ws/install/setup.bash'
[0.662s] INFO:colcon.colcon_core.shell:Creating prefix script '/home/marianabebe/warehouse-robot-task-planner/ros2_ws/install/local_setup.zsh'
[0.662s] INFO:colcon.colcon_core.shell:Creating prefix chain script '/home/marianabebe/warehouse-robot-task-planner/ros2_ws/install/setup.zsh'
