[0.012s] Invoking command in '/home/marianabebe/warehouse-robot-task-planner/ros2_ws/build/warehouse_simulation': CMAKE_PREFIX_PATH=${CMAKE_PREFIX_PATH}:/opt/ros/humble /usr/bin/cmake --build /home/marianabebe/warehouse-robot-task-planner/ros2_ws/build/warehouse_simulation -- -j6 -l6
[0.035s] -- Found ament_cmake: 1.3.14 (/opt/ros/humble/share/ament_cmake/cmake)
[0.144s] -- Found rclcpp: 16.0.19 (/opt/ros/humble/share/rclcpp/cmake)
[0.176s] -- Found rosidl_generator_c: 3.1.8 (/opt/ros/humble/share/rosidl_generator_c/cmake)
[0.178s] -- Found rosidl_adapter: 3.1.8 (/opt/ros/humble/share/rosidl_adapter/cmake)
[0.186s] -- Found rosidl_generator_cpp: 3.1.8 (/opt/ros/humble/share/rosidl_generator_cpp/cmake)
[0.195s] -- Using all available rosidl_typesupport_c: rosidl_typesupport_fastrtps_c;rosidl_typesupport_introspection_c
[0.207s] -- Using all available rosidl_typesupport_cpp: rosidl_typesupport_fastrtps_cpp;rosidl_typesupport_introspection_cpp
[0.239s] -- Found rmw_implementation_cmake: 6.1.2 (/opt/ros/humble/share/rmw_implementation_cmake/cmake)
[0.241s] -- Found rmw_fastrtps_cpp: 6.2.10 (/opt/ros/humble/share/rmw_fastrtps_cpp/cmake)
[0.315s] -- Using RMW implementation 'rmw_fastrtps_cpp' as default
[0.368s] -- Found visualization_msgs: 4.9.1 (/opt/ros/humble/share/visualization_msgs/cmake)
[0.417s] -- Found ament_lint_auto: 0.12.15 (/opt/ros/humble/share/ament_lint_auto/cmake)
[0.477s] -- Added test 'cppcheck' to perform static code analysis on C / C++ code
[0.477s] -- Configured cppcheck include dirs: 
[0.477s] -- Configured cppcheck exclude dirs and/or files: 
[0.478s] -- Added test 'flake8' to check Python code syntax and style conventions
[0.478s] -- Added test 'lint_cmake' to check CMake code style
[0.478s] -- Added test 'pep257' to check Python code against some of the docstring style conventions in PEP 257
[0.479s] -- Added test 'uncrustify' to check C / C++ code style
[0.479s] -- Configured uncrustify additional arguments: 
[0.479s] -- Added test 'xmllint' to check XML markup files
[0.481s] -- Configuring done
[0.497s] -- Generating done
[0.502s] -- Build files have been written to: /home/marianabebe/warehouse-robot-task-planner/ros2_ws/build/warehouse_simulation
[0.520s] [35m[1mConsolidate compiler generated dependencies of target simulation_status_node[0m
[0.525s] [ 25%] [32mBuilding CXX object CMakeFiles/marker_test_node.dir/src/marker_test_node.cpp.o[0m
[0.532s] [ 75%] Built target simulation_status_node
[3.582s] [100%] [32m[1mLinking CXX executable marker_test_node[0m
[3.735s] [100%] Built target marker_test_node
[3.744s] Invoked command in '/home/marianabebe/warehouse-robot-task-planner/ros2_ws/build/warehouse_simulation' returned '0': CMAKE_PREFIX_PATH=${CMAKE_PREFIX_PATH}:/opt/ros/humble /usr/bin/cmake --build /home/marianabebe/warehouse-robot-task-planner/ros2_ws/build/warehouse_simulation -- -j6 -l6
[3.746s] Invoking command in '/home/marianabebe/warehouse-robot-task-planner/ros2_ws/build/warehouse_simulation': CMAKE_PREFIX_PATH=${CMAKE_PREFIX_PATH}:/opt/ros/humble /usr/bin/cmake --install /home/marianabebe/warehouse-robot-task-planner/ros2_ws/build/warehouse_simulation
[3.750s] -- Install configuration: ""
[3.750s] -- Up-to-date: /home/marianabebe/warehouse-robot-task-planner/ros2_ws/install/warehouse_simulation/lib/warehouse_simulation/simulation_status_node
[3.751s] -- Up-to-date: /home/marianabebe/warehouse-robot-task-planner/ros2_ws/install/warehouse_simulation/share/warehouse_simulation/launch
[3.751s] -- Up-to-date: /home/marianabebe/warehouse-robot-task-planner/ros2_ws/install/warehouse_simulation/share/warehouse_simulation/launch/simulation_status.launch.py
[3.751s] -- Installing: /home/marianabebe/warehouse-robot-task-planner/ros2_ws/install/warehouse_simulation/lib/warehouse_simulation/marker_test_node
[3.751s] -- Set runtime path of "/home/marianabebe/warehouse-robot-task-planner/ros2_ws/install/warehouse_simulation/lib/warehouse_simulation/marker_test_node" to ""
[3.752s] -- Up-to-date: /home/marianabebe/warehouse-robot-task-planner/ros2_ws/install/warehouse_simulation/lib/warehouse_simulation/simulation_status_node
[3.752s] -- Installing: /home/marianabebe/warehouse-robot-task-planner/ros2_ws/install/warehouse_simulation/share/ament_index/resource_index/package_run_dependencies/warehouse_simulation
[3.752s] -- Installing: /home/marianabebe/warehouse-robot-task-planner/ros2_ws/install/warehouse_simulation/share/ament_index/resource_index/parent_prefix_path/warehouse_simulation
[3.752s] -- Up-to-date: /home/marianabebe/warehouse-robot-task-planner/ros2_ws/install/warehouse_simulation/share/warehouse_simulation/environment/ament_prefix_path.sh
[3.752s] -- Installing: /home/marianabebe/warehouse-robot-task-planner/ros2_ws/install/warehouse_simulation/share/warehouse_simulation/environment/ament_prefix_path.dsv
[3.753s] -- Up-to-date: /home/marianabebe/warehouse-robot-task-planner/ros2_ws/install/warehouse_simulation/share/warehouse_simulation/environment/path.sh
[3.753s] -- Installing: /home/marianabebe/warehouse-robot-task-planner/ros2_ws/install/warehouse_simulation/share/warehouse_simulation/environment/path.dsv
[3.753s] -- Up-to-date: /home/marianabebe/warehouse-robot-task-planner/ros2_ws/install/warehouse_simulation/share/warehouse_simulation/local_setup.bash
[3.753s] -- Up-to-date: /home/marianabebe/warehouse-robot-task-planner/ros2_ws/install/warehouse_simulation/share/warehouse_simulation/local_setup.sh
[3.753s] -- Up-to-date: /home/marianabebe/warehouse-robot-task-planner/ros2_ws/install/warehouse_simulation/share/warehouse_simulation/local_setup.zsh
[3.753s] -- Installing: /home/marianabebe/warehouse-robot-task-planner/ros2_ws/install/warehouse_simulation/share/warehouse_simulation/local_setup.dsv
[3.754s] -- Installing: /home/marianabebe/warehouse-robot-task-planner/ros2_ws/install/warehouse_simulation/share/warehouse_simulation/package.dsv
[3.754s] -- Up-to-date: /home/marianabebe/warehouse-robot-task-planner/ros2_ws/install/warehouse_simulation/share/ament_index/resource_index/packages/warehouse_simulation
[3.754s] -- Up-to-date: /home/marianabebe/warehouse-robot-task-planner/ros2_ws/install/warehouse_simulation/share/warehouse_simulation/cmake/warehouse_simulationConfig.cmake
[3.754s] -- Up-to-date: /home/marianabebe/warehouse-robot-task-planner/ros2_ws/install/warehouse_simulation/share/warehouse_simulation/cmake/warehouse_simulationConfig-version.cmake
[3.754s] -- Installing: /home/marianabebe/warehouse-robot-task-planner/ros2_ws/install/warehouse_simulation/share/warehouse_simulation/package.xml
[3.756s] Invoked command in '/home/marianabebe/warehouse-robot-task-planner/ros2_ws/build/warehouse_simulation' returned '0': CMAKE_PREFIX_PATH=${CMAKE_PREFIX_PATH}:/opt/ros/humble /usr/bin/cmake --install /home/marianabebe/warehouse-robot-task-planner/ros2_ws/build/warehouse_simulation
