[0.009s] Invoking command in '/home/marianabebe/warehouse-robot-task-planner/ros2_ws/build/warehouse_description': CMAKE_PREFIX_PATH=${CMAKE_PREFIX_PATH}:/opt/ros/humble /usr/bin/cmake /home/marianabebe/warehouse-robot-task-planner/ros2_ws/src/warehouse_description -DCMAKE_INSTALL_PREFIX=/home/marianabebe/warehouse-robot-task-planner/ros2_ws/install/warehouse_description
[0.114s] -- The C compiler identification is GNU 11.4.0
[0.170s] -- The CXX compiler identification is GNU 11.4.0
[0.178s] -- Detecting C compiler ABI info
[0.238s] -- Detecting C compiler ABI info - done
[0.247s] -- Check for working C compiler: /usr/bin/cc - skipped
[0.247s] -- Detecting C compile features
[0.249s] -- Detecting C compile features - done
[0.251s] -- Detecting CXX compiler ABI info
[0.315s] -- Detecting CXX compiler ABI info - done
[0.322s] -- Check for working CXX compiler: /usr/bin/c++ - skipped
[0.322s] -- Detecting CXX compile features
[0.323s] -- Detecting CXX compile features - done
[0.326s] -- Found ament_cmake: 1.3.14 (/opt/ros/humble/share/ament_cmake/cmake)
[0.432s] -- Found Python3: /usr/bin/python3 (found version "3.10.12") found components: Interpreter 
[0.492s] -- Found ament_lint_auto: 0.12.15 (/opt/ros/humble/share/ament_lint_auto/cmake)
[0.540s] -- Added test 'lint_cmake' to check CMake code style
[0.541s] -- Added test 'xmllint' to check XML markup files
[0.542s] -- Configuring done
[0.544s] -- Generating done
[0.545s] -- Build files have been written to: /home/marianabebe/warehouse-robot-task-planner/ros2_ws/build/warehouse_description
[0.548s] Invoked command in '/home/marianabebe/warehouse-robot-task-planner/ros2_ws/build/warehouse_description' returned '0': CMAKE_PREFIX_PATH=${CMAKE_PREFIX_PATH}:/opt/ros/humble /usr/bin/cmake /home/marianabebe/warehouse-robot-task-planner/ros2_ws/src/warehouse_description -DCMAKE_INSTALL_PREFIX=/home/marianabebe/warehouse-robot-task-planner/ros2_ws/install/warehouse_description
[0.549s] Invoking command in '/home/marianabebe/warehouse-robot-task-planner/ros2_ws/build/warehouse_description': CMAKE_PREFIX_PATH=${CMAKE_PREFIX_PATH}:/opt/ros/humble /usr/bin/cmake --build /home/marianabebe/warehouse-robot-task-planner/ros2_ws/build/warehouse_description -- -j6 -l6
[0.576s] Invoked command in '/home/marianabebe/warehouse-robot-task-planner/ros2_ws/build/warehouse_description' returned '0': CMAKE_PREFIX_PATH=${CMAKE_PREFIX_PATH}:/opt/ros/humble /usr/bin/cmake --build /home/marianabebe/warehouse-robot-task-planner/ros2_ws/build/warehouse_description -- -j6 -l6
[0.576s] Invoking command in '/home/marianabebe/warehouse-robot-task-planner/ros2_ws/build/warehouse_description': CMAKE_PREFIX_PATH=${CMAKE_PREFIX_PATH}:/opt/ros/humble /usr/bin/cmake --install /home/marianabebe/warehouse-robot-task-planner/ros2_ws/build/warehouse_description
[0.581s] -- Install configuration: ""
[0.581s] -- Installing: /home/marianabebe/warehouse-robot-task-planner/ros2_ws/install/warehouse_description/share/ament_index/resource_index/package_run_dependencies/warehouse_description
[0.581s] -- Installing: /home/marianabebe/warehouse-robot-task-planner/ros2_ws/install/warehouse_description/share/ament_index/resource_index/parent_prefix_path/warehouse_description
[0.582s] -- Installing: /home/marianabebe/warehouse-robot-task-planner/ros2_ws/install/warehouse_description/share/warehouse_description/environment/ament_prefix_path.sh
[0.582s] -- Installing: /home/marianabebe/warehouse-robot-task-planner/ros2_ws/install/warehouse_description/share/warehouse_description/environment/ament_prefix_path.dsv
[0.582s] -- Installing: /home/marianabebe/warehouse-robot-task-planner/ros2_ws/install/warehouse_description/share/warehouse_description/environment/path.sh
[0.582s] -- Installing: /home/marianabebe/warehouse-robot-task-planner/ros2_ws/install/warehouse_description/share/warehouse_description/environment/path.dsv
[0.582s] -- Installing: /home/marianabebe/warehouse-robot-task-planner/ros2_ws/install/warehouse_description/share/warehouse_description/local_setup.bash
[0.582s] -- Installing: /home/marianabebe/warehouse-robot-task-planner/ros2_ws/install/warehouse_description/share/warehouse_description/local_setup.sh
[0.582s] -- Installing: /home/marianabebe/warehouse-robot-task-planner/ros2_ws/install/warehouse_description/share/warehouse_description/local_setup.zsh
[0.582s] -- Installing: /home/marianabebe/warehouse-robot-task-planner/ros2_ws/install/warehouse_description/share/warehouse_description/local_setup.dsv
[0.582s] -- Installing: /home/marianabebe/warehouse-robot-task-planner/ros2_ws/install/warehouse_description/share/warehouse_description/package.dsv
[0.582s] -- Installing: /home/marianabebe/warehouse-robot-task-planner/ros2_ws/install/warehouse_description/share/ament_index/resource_index/packages/warehouse_description
[0.582s] -- Installing: /home/marianabebe/warehouse-robot-task-planner/ros2_ws/install/warehouse_description/share/warehouse_description/cmake/warehouse_descriptionConfig.cmake
[0.582s] -- Installing: /home/marianabebe/warehouse-robot-task-planner/ros2_ws/install/warehouse_description/share/warehouse_description/cmake/warehouse_descriptionConfig-version.cmake
[0.582s] -- Installing: /home/marianabebe/warehouse-robot-task-planner/ros2_ws/install/warehouse_description/share/warehouse_description/package.xml
[0.584s] Invoked command in '/home/marianabebe/warehouse-robot-task-planner/ros2_ws/build/warehouse_description' returned '0': CMAKE_PREFIX_PATH=${CMAKE_PREFIX_PATH}:/opt/ros/humble /usr/bin/cmake --install /home/marianabebe/warehouse-robot-task-planner/ros2_ws/build/warehouse_description
