-- Found ament_cmake: 1.3.14 (/opt/ros/humble/share/ament_cmake/cmake)
-- Found rclcpp: 16.0.19 (/opt/ros/humble/share/rclcpp/cmake)
-- Found rosidl_generator_c: 3.1.8 (/opt/ros/humble/share/rosidl_generator_c/cmake)
-- Found rosidl_adapter: 3.1.8 (/opt/ros/humble/share/rosidl_adapter/cmake)
-- Found rosidl_generator_cpp: 3.1.8 (/opt/ros/humble/share/rosidl_generator_cpp/cmake)
-- Using all available rosidl_typesupport_c: rosidl_typesupport_fastrtps_c;rosidl_typesupport_introspection_c
-- Using all available rosidl_typesupport_cpp: rosidl_typesupport_fastrtps_cpp;rosidl_typesupport_introspection_cpp
-- Found rmw_implementation_cmake: 6.1.2 (/opt/ros/humble/share/rmw_implementation_cmake/cmake)
-- Found rmw_fastrtps_cpp: 6.2.10 (/opt/ros/humble/share/rmw_fastrtps_cpp/cmake)
-- Using RMW implementation 'rmw_fastrtps_cpp' as default
-- Found ament_lint_auto: 0.12.15 (/opt/ros/humble/share/ament_lint_auto/cmake)
-- Added test 'cppcheck' to perform static code analysis on C / C++ code
-- Configured cppcheck include dirs: 
-- Configured cppcheck exclude dirs and/or files: 
-- Added test 'flake8' to check Python code syntax and style conventions
-- Added test 'lint_cmake' to check CMake code style
-- Added test 'pep257' to check Python code against some of the docstring style conventions in PEP 257
-- Added test 'uncrustify' to check C / C++ code style
-- Configured uncrustify additional arguments: 
-- Added test 'xmllint' to check XML markup files
-- Configuring done
-- Generating done
-- Build files have been written to: /home/marianabebe/warehouse-robot-task-planner/ros2_ws/build/warehouse_simulation
[35m[1mConsolidate compiler generated dependencies of target simulation_status_node[0m
[100%] Built target simulation_status_node
-- Install configuration: ""
-- Up-to-date: /home/marianabebe/warehouse-robot-task-planner/ros2_ws/install/warehouse_simulation/lib/warehouse_simulation/simulation_status_node
-- Installing: /home/marianabebe/warehouse-robot-task-planner/ros2_ws/install/warehouse_simulation/share/warehouse_simulation/launch
-- Installing: /home/marianabebe/warehouse-robot-task-planner/ros2_ws/install/warehouse_simulation/share/warehouse_simulation/launch/simulation_status.launch.py
-- Up-to-date: /home/marianabebe/warehouse-robot-task-planner/ros2_ws/install/warehouse_simulation/share/ament_index/resource_index/package_run_dependencies/warehouse_simulation
-- Installing: /home/marianabebe/warehouse-robot-task-planner/ros2_ws/install/warehouse_simulation/share/ament_index/resource_index/parent_prefix_path/warehouse_simulation
-- Up-to-date: /home/marianabebe/warehouse-robot-task-planner/ros2_ws/install/warehouse_simulation/share/warehouse_simulation/environment/ament_prefix_path.sh
-- Installing: /home/marianabebe/warehouse-robot-task-planner/ros2_ws/install/warehouse_simulation/share/warehouse_simulation/environment/ament_prefix_path.dsv
-- Up-to-date: /home/marianabebe/warehouse-robot-task-planner/ros2_ws/install/warehouse_simulation/share/warehouse_simulation/environment/path.sh
-- Installing: /home/marianabebe/warehouse-robot-task-planner/ros2_ws/install/warehouse_simulation/share/warehouse_simulation/environment/path.dsv
-- Up-to-date: /home/marianabebe/warehouse-robot-task-planner/ros2_ws/install/warehouse_simulation/share/warehouse_simulation/local_setup.bash
-- Up-to-date: /home/marianabebe/warehouse-robot-task-planner/ros2_ws/install/warehouse_simulation/share/warehouse_simulation/local_setup.sh
-- Up-to-date: /home/marianabebe/warehouse-robot-task-planner/ros2_ws/install/warehouse_simulation/share/warehouse_simulation/local_setup.zsh
-- Installing: /home/marianabebe/warehouse-robot-task-planner/ros2_ws/install/warehouse_simulation/share/warehouse_simulation/local_setup.dsv
-- Installing: /home/marianabebe/warehouse-robot-task-planner/ros2_ws/install/warehouse_simulation/share/warehouse_simulation/package.dsv
-- Up-to-date: /home/marianabebe/warehouse-robot-task-planner/ros2_ws/install/warehouse_simulation/share/ament_index/resource_index/packages/warehouse_simulation
-- Up-to-date: /home/marianabebe/warehouse-robot-task-planner/ros2_ws/install/warehouse_simulation/share/warehouse_simulation/cmake/warehouse_simulationConfig.cmake
-- Up-to-date: /home/marianabebe/warehouse-robot-task-planner/ros2_ws/install/warehouse_simulation/share/warehouse_simulation/cmake/warehouse_simulationConfig-version.cmake
-- Up-to-date: /home/marianabebe/warehouse-robot-task-planner/ros2_ws/install/warehouse_simulation/share/warehouse_simulation/package.xml
