[0.013s] Invoking command in '/home/marianabebe/warehouse-robot-task-planner/ros2_ws/build/warehouse_simulation': CMAKE_PREFIX_PATH=/opt/ros/humble /usr/bin/cmake --build /home/marianabebe/warehouse-robot-task-planner/ros2_ws/build/warehouse_simulation -- -j6 -l6
[0.104s] -- Found ament_cmake: 1.3.14 (/opt/ros/humble/share/ament_cmake/cmake)
[0.209s] -- Found rclcpp: 16.0.19 (/opt/ros/humble/share/rclcpp/cmake)
[0.243s] -- Found rosidl_generator_c: 3.1.8 (/opt/ros/humble/share/rosidl_generator_c/cmake)
[0.246s] -- Found rosidl_adapter: 3.1.8 (/opt/ros/humble/share/rosidl_adapter/cmake)
[0.252s] -- Found rosidl_generator_cpp: 3.1.8 (/opt/ros/humble/share/rosidl_generator_cpp/cmake)
[0.262s] -- Using all available rosidl_typesupport_c: rosidl_typesupport_fastrtps_c;rosidl_typesupport_introspection_c
[0.274s] -- Using all available rosidl_typesupport_cpp: rosidl_typesupport_fastrtps_cpp;rosidl_typesupport_introspection_cpp
[0.304s] -- Found rmw_implementation_cmake: 6.1.2 (/opt/ros/humble/share/rmw_implementation_cmake/cmake)
[0.306s] -- Found rmw_fastrtps_cpp: 6.2.10 (/opt/ros/humble/share/rmw_fastrtps_cpp/cmake)
[0.387s] -- Using RMW implementation 'rmw_fastrtps_cpp' as default
[0.439s] -- Found ament_lint_auto: 0.12.15 (/opt/ros/humble/share/ament_lint_auto/cmake)
[0.488s] -- Added test 'cppcheck' to perform static code analysis on C / C++ code
[0.488s] -- Configured cppcheck include dirs: 
[0.488s] -- Configured cppcheck exclude dirs and/or files: 
[0.489s] -- Added test 'lint_cmake' to check CMake code style
[0.489s] -- Added test 'uncrustify' to check C / C++ code style
[0.489s] -- Configured uncrustify additional arguments: 
[0.490s] -- Added test 'xmllint' to check XML markup files
[0.491s] -- Configuring done
[0.500s] -- Generating done
[0.503s] -- Build files have been written to: /home/marianabebe/warehouse-robot-task-planner/ros2_ws/build/warehouse_simulation
[0.527s] [ 50%] [32mBuilding CXX object CMakeFiles/simulation_status_node.dir/src/simulation_status_node.cpp.o[0m
[2.646s] [100%] [32m[1mLinking CXX executable simulation_status_node[0m
[2.743s] [100%] Built target simulation_status_node
[2.754s] Invoked command in '/home/marianabebe/warehouse-robot-task-planner/ros2_ws/build/warehouse_simulation' returned '0': CMAKE_PREFIX_PATH=/opt/ros/humble /usr/bin/cmake --build /home/marianabebe/warehouse-robot-task-planner/ros2_ws/build/warehouse_simulation -- -j6 -l6
[2.761s] Invoking command in '/home/marianabebe/warehouse-robot-task-planner/ros2_ws/build/warehouse_simulation': CMAKE_PREFIX_PATH=/opt/ros/humble /usr/bin/cmake --install /home/marianabebe/warehouse-robot-task-planner/ros2_ws/build/warehouse_simulation
[2.766s] -- Install configuration: ""
[2.766s] -- Installing: /home/marianabebe/warehouse-robot-task-planner/ros2_ws/install/warehouse_simulation/lib/warehouse_simulation/simulation_status_node
[2.766s] -- Set runtime path of "/home/marianabebe/warehouse-robot-task-planner/ros2_ws/install/warehouse_simulation/lib/warehouse_simulation/simulation_status_node" to ""
[2.766s] -- Up-to-date: /home/marianabebe/warehouse-robot-task-planner/ros2_ws/install/warehouse_simulation/share/ament_index/resource_index/package_run_dependencies/warehouse_simulation
[2.767s] -- Up-to-date: /home/marianabebe/warehouse-robot-task-planner/ros2_ws/install/warehouse_simulation/share/ament_index/resource_index/parent_prefix_path/warehouse_simulation
[2.767s] -- Up-to-date: /home/marianabebe/warehouse-robot-task-planner/ros2_ws/install/warehouse_simulation/share/warehouse_simulation/environment/ament_prefix_path.sh
[2.767s] -- Installing: /home/marianabebe/warehouse-robot-task-planner/ros2_ws/install/warehouse_simulation/share/warehouse_simulation/environment/ament_prefix_path.dsv
[2.767s] -- Up-to-date: /home/marianabebe/warehouse-robot-task-planner/ros2_ws/install/warehouse_simulation/share/warehouse_simulation/environment/path.sh
[2.767s] -- Installing: /home/marianabebe/warehouse-robot-task-planner/ros2_ws/install/warehouse_simulation/share/warehouse_simulation/environment/path.dsv
[2.767s] -- Up-to-date: /home/marianabebe/warehouse-robot-task-planner/ros2_ws/install/warehouse_simulation/share/warehouse_simulation/local_setup.bash
[2.767s] -- Up-to-date: /home/marianabebe/warehouse-robot-task-planner/ros2_ws/install/warehouse_simulation/share/warehouse_simulation/local_setup.sh
[2.767s] -- Up-to-date: /home/marianabebe/warehouse-robot-task-planner/ros2_ws/install/warehouse_simulation/share/warehouse_simulation/local_setup.zsh
[2.768s] -- Installing: /home/marianabebe/warehouse-robot-task-planner/ros2_ws/install/warehouse_simulation/share/warehouse_simulation/local_setup.dsv
[2.768s] -- Installing: /home/marianabebe/warehouse-robot-task-planner/ros2_ws/install/warehouse_simulation/share/warehouse_simulation/package.dsv
[2.768s] -- Up-to-date: /home/marianabebe/warehouse-robot-task-planner/ros2_ws/install/warehouse_simulation/share/ament_index/resource_index/packages/warehouse_simulation
[2.768s] -- Up-to-date: /home/marianabebe/warehouse-robot-task-planner/ros2_ws/install/warehouse_simulation/share/warehouse_simulation/cmake/warehouse_simulationConfig.cmake
[2.768s] -- Up-to-date: /home/marianabebe/warehouse-robot-task-planner/ros2_ws/install/warehouse_simulation/share/warehouse_simulation/cmake/warehouse_simulationConfig-version.cmake
[2.768s] -- Up-to-date: /home/marianabebe/warehouse-robot-task-planner/ros2_ws/install/warehouse_simulation/share/warehouse_simulation/package.xml
[2.770s] Invoked command in '/home/marianabebe/warehouse-robot-task-planner/ros2_ws/build/warehouse_simulation' returned '0': CMAKE_PREFIX_PATH=/opt/ros/humble /usr/bin/cmake --install /home/marianabebe/warehouse-robot-task-planner/ros2_ws/build/warehouse_simulation
