[0.012s] Invoking command in '/home/marianabebe/warehouse-robot-task-planner/ros2_ws/build/warehouse_simulation': CMAKE_PREFIX_PATH=${CMAKE_PREFIX_PATH}:/opt/ros/humble /usr/bin/cmake --build /home/marianabebe/warehouse-robot-task-planner/ros2_ws/build/warehouse_simulation -- -j6 -l6
[0.052s] [100%] Built target simulation_status_node
[0.069s] Invoked command in '/home/marianabebe/warehouse-robot-task-planner/ros2_ws/build/warehouse_simulation' returned '0': CMAKE_PREFIX_PATH=${CMAKE_PREFIX_PATH}:/opt/ros/humble /usr/bin/cmake --build /home/marianabebe/warehouse-robot-task-planner/ros2_ws/build/warehouse_simulation -- -j6 -l6
[0.069s] Invoking command in '/home/marianabebe/warehouse-robot-task-planner/ros2_ws/build/warehouse_simulation': CMAKE_PREFIX_PATH=${CMAKE_PREFIX_PATH}:/opt/ros/humble /usr/bin/cmake --install /home/marianabebe/warehouse-robot-task-planner/ros2_ws/build/warehouse_simulation
[0.073s] -- Install configuration: ""
[0.074s] -- Up-to-date: /home/marianabebe/warehouse-robot-task-planner/ros2_ws/install/warehouse_simulation/lib/warehouse_simulation/simulation_status_node
[0.074s] -- Up-to-date: /home/marianabebe/warehouse-robot-task-planner/ros2_ws/install/warehouse_simulation/share/warehouse_simulation/launch
[0.074s] -- Up-to-date: /home/marianabebe/warehouse-robot-task-planner/ros2_ws/install/warehouse_simulation/share/warehouse_simulation/launch/simulation_status.launch.py
[0.074s] -- Up-to-date: /home/marianabebe/warehouse-robot-task-planner/ros2_ws/install/warehouse_simulation/share/ament_index/resource_index/package_run_dependencies/warehouse_simulation
[0.074s] -- Up-to-date: /home/marianabebe/warehouse-robot-task-planner/ros2_ws/install/warehouse_simulation/share/ament_index/resource_index/parent_prefix_path/warehouse_simulation
[0.074s] -- Up-to-date: /home/marianabebe/warehouse-robot-task-planner/ros2_ws/install/warehouse_simulation/share/warehouse_simulation/environment/ament_prefix_path.sh
[0.074s] -- Up-to-date: /home/marianabebe/warehouse-robot-task-planner/ros2_ws/install/warehouse_simulation/share/warehouse_simulation/environment/ament_prefix_path.dsv
[0.074s] -- Up-to-date: /home/marianabebe/warehouse-robot-task-planner/ros2_ws/install/warehouse_simulation/share/warehouse_simulation/environment/path.sh
[0.074s] -- Up-to-date: /home/marianabebe/warehouse-robot-task-planner/ros2_ws/install/warehouse_simulation/share/warehouse_simulation/environment/path.dsv
[0.075s] -- Up-to-date: /home/marianabebe/warehouse-robot-task-planner/ros2_ws/install/warehouse_simulation/share/warehouse_simulation/local_setup.bash
[0.075s] -- Up-to-date: /home/marianabebe/warehouse-robot-task-planner/ros2_ws/install/warehouse_simulation/share/warehouse_simulation/local_setup.sh
[0.075s] -- Up-to-date: /home/marianabebe/warehouse-robot-task-planner/ros2_ws/install/warehouse_simulation/share/warehouse_simulation/local_setup.zsh
[0.075s] -- Up-to-date: /home/marianabebe/warehouse-robot-task-planner/ros2_ws/install/warehouse_simulation/share/warehouse_simulation/local_setup.dsv
[0.075s] -- Installing: /home/marianabebe/warehouse-robot-task-planner/ros2_ws/install/warehouse_simulation/share/warehouse_simulation/package.dsv
[0.075s] -- Up-to-date: /home/marianabebe/warehouse-robot-task-planner/ros2_ws/install/warehouse_simulation/share/ament_index/resource_index/packages/warehouse_simulation
[0.075s] -- Up-to-date: /home/marianabebe/warehouse-robot-task-planner/ros2_ws/install/warehouse_simulation/share/warehouse_simulation/cmake/warehouse_simulationConfig.cmake
[0.075s] -- Up-to-date: /home/marianabebe/warehouse-robot-task-planner/ros2_ws/install/warehouse_simulation/share/warehouse_simulation/cmake/warehouse_simulationConfig-version.cmake
[0.075s] -- Up-to-date: /home/marianabebe/warehouse-robot-task-planner/ros2_ws/install/warehouse_simulation/share/warehouse_simulation/package.xml
[0.076s] Invoked command in '/home/marianabebe/warehouse-robot-task-planner/ros2_ws/build/warehouse_simulation' returned '0': CMAKE_PREFIX_PATH=${CMAKE_PREFIX_PATH}:/opt/ros/humble /usr/bin/cmake --install /home/marianabebe/warehouse-robot-task-planner/ros2_ws/build/warehouse_simulation
