-- Install configuration: ""
-- Up-to-date: /home/marianabebe/warehouse-robot-task-planner/ros2_ws/install/warehouse_description/share/warehouse_description/urdf
-- Installing: /home/marianabebe/warehouse-robot-task-planner/ros2_ws/install/warehouse_description/share/warehouse_description/urdf/warehouse_robot.urdf
-- Up-to-date: /home/marianabebe/warehouse-robot-task-planner/ros2_ws/install/warehouse_description/share/warehouse_description/launch
-- Up-to-date: /home/marianabebe/warehouse-robot-task-planner/ros2_ws/install/warehouse_description/share/warehouse_description/launch/view_robot.launch.py
-- Up-to-date: /home/marianabebe/warehouse-robot-task-planner/ros2_ws/install/warehouse_description/share/warehouse_description/rviz
-- Up-to-date: /home/marianabebe/warehouse-robot-task-planner/ros2_ws/install/warehouse_description/share/ament_index/resource_index/package_run_dependencies/warehouse_description
-- Up-to-date: /home/marianabebe/warehouse-robot-task-planner/ros2_ws/install/warehouse_description/share/ament_index/resource_index/parent_prefix_path/warehouse_description
-- Up-to-date: /home/marianabebe/warehouse-robot-task-planner/ros2_ws/install/warehouse_description/share/warehouse_description/environment/ament_prefix_path.sh
-- Up-to-date: /home/marianabebe/warehouse-robot-task-planner/ros2_ws/install/warehouse_description/share/warehouse_description/environment/ament_prefix_path.dsv
-- Up-to-date: /home/marianabebe/warehouse-robot-task-planner/ros2_ws/install/warehouse_description/share/warehouse_description/environment/path.sh
-- Up-to-date: /home/marianabebe/warehouse-robot-task-planner/ros2_ws/install/warehouse_description/share/warehouse_description/environment/path.dsv
-- Up-to-date: /home/marianabebe/warehouse-robot-task-planner/ros2_ws/install/warehouse_description/share/warehouse_description/local_setup.bash
-- Up-to-date: /home/marianabebe/warehouse-robot-task-planner/ros2_ws/install/warehouse_description/share/warehouse_description/local_setup.sh
-- Up-to-date: /home/marianabebe/warehouse-robot-task-planner/ros2_ws/install/warehouse_description/share/warehouse_description/local_setup.zsh
-- Up-to-date: /home/marianabebe/warehouse-robot-task-planner/ros2_ws/install/warehouse_description/share/warehouse_description/local_setup.dsv
-- Installing: /home/marianabebe/warehouse-robot-task-planner/ros2_ws/install/warehouse_description/share/warehouse_description/package.dsv
-- Up-to-date: /home/marianabebe/warehouse-robot-task-planner/ros2_ws/install/warehouse_description/share/ament_index/resource_index/packages/warehouse_description
-- Up-to-date: /home/marianabebe/warehouse-robot-task-planner/ros2_ws/install/warehouse_description/share/warehouse_description/cmake/warehouse_descriptionConfig.cmake
-- Up-to-date: /home/marianabebe/warehouse-robot-task-planner/ros2_ws/install/warehouse_description/share/warehouse_description/cmake/warehouse_descriptionConfig-version.cmake
-- Up-to-date: /home/marianabebe/warehouse-robot-task-planner/ros2_ws/install/warehouse_description/share/warehouse_description/package.xml
