[0.014s] Invoking command in '/home/marianabebe/warehouse-robot-task-planner/ros2_ws/build/warehouse_description': CMAKE_PREFIX_PATH=${CMAKE_PREFIX_PATH}:/opt/ros/humble /usr/bin/cmake --build /home/marianabebe/warehouse-robot-task-planner/ros2_ws/build/warehouse_description -- -j6 -l6
[0.046s] -- Found ament_cmake: 1.3.14 (/opt/ros/humble/share/ament_cmake/cmake)
[0.180s] -- Found ament_lint_auto: 0.12.15 (/opt/ros/humble/share/ament_lint_auto/cmake)
[0.238s] -- Added test 'flake8' to check Python code syntax and style conventions
[0.239s] -- Added test 'lint_cmake' to check CMake code style
[0.239s] -- Added test 'pep257' to check Python code against some of the docstring style conventions in PEP 257
[0.240s] -- Added test 'xmllint' to check XML markup files
[0.240s] -- Configuring done
[0.243s] -- Generating done
[0.244s] -- Build files have been written to: /home/marianabebe/warehouse-robot-task-planner/ros2_ws/build/warehouse_description
[0.260s] Invoked command in '/home/marianabebe/warehouse-robot-task-planner/ros2_ws/build/warehouse_description' returned '0': CMAKE_PREFIX_PATH=${CMAKE_PREFIX_PATH}:/opt/ros/humble /usr/bin/cmake --build /home/marianabebe/warehouse-robot-task-planner/ros2_ws/build/warehouse_description -- -j6 -l6
[0.262s] Invoking command in '/home/marianabebe/warehouse-robot-task-planner/ros2_ws/build/warehouse_description': CMAKE_PREFIX_PATH=${CMAKE_PREFIX_PATH}:/opt/ros/humble /usr/bin/cmake --install /home/marianabebe/warehouse-robot-task-planner/ros2_ws/build/warehouse_description
[0.266s] -- Install configuration: ""
[0.266s] -- Installing: /home/marianabebe/warehouse-robot-task-planner/ros2_ws/install/warehouse_description/share/warehouse_description/urdf
[0.267s] -- Installing: /home/marianabebe/warehouse-robot-task-planner/ros2_ws/install/warehouse_description/share/warehouse_description/urdf/warehouse_robot.urdf
[0.267s] -- Installing: /home/marianabebe/warehouse-robot-task-planner/ros2_ws/install/warehouse_description/share/warehouse_description/launch
[0.267s] -- Installing: /home/marianabebe/warehouse-robot-task-planner/ros2_ws/install/warehouse_description/share/warehouse_description/launch/view_robot.launch.py
[0.267s] -- Installing: /home/marianabebe/warehouse-robot-task-planner/ros2_ws/install/warehouse_description/share/warehouse_description/rviz
[0.268s] -- Up-to-date: /home/marianabebe/warehouse-robot-task-planner/ros2_ws/install/warehouse_description/share/ament_index/resource_index/package_run_dependencies/warehouse_description
[0.268s] -- Installing: /home/marianabebe/warehouse-robot-task-planner/ros2_ws/install/warehouse_description/share/ament_index/resource_index/parent_prefix_path/warehouse_description
[0.268s] -- Up-to-date: /home/marianabebe/warehouse-robot-task-planner/ros2_ws/install/warehouse_description/share/warehouse_description/environment/ament_prefix_path.sh
[0.268s] -- Installing: /home/marianabebe/warehouse-robot-task-planner/ros2_ws/install/warehouse_description/share/warehouse_description/environment/ament_prefix_path.dsv
[0.268s] -- Up-to-date: /home/marianabebe/warehouse-robot-task-planner/ros2_ws/install/warehouse_description/share/warehouse_description/environment/path.sh
[0.268s] -- Installing: /home/marianabebe/warehouse-robot-task-planner/ros2_ws/install/warehouse_description/share/warehouse_description/environment/path.dsv
[0.268s] -- Up-to-date: /home/marianabebe/warehouse-robot-task-planner/ros2_ws/install/warehouse_description/share/warehouse_description/local_setup.bash
[0.268s] -- Up-to-date: /home/marianabebe/warehouse-robot-task-planner/ros2_ws/install/warehouse_description/share/warehouse_description/local_setup.sh
[0.268s] -- Up-to-date: /home/marianabebe/warehouse-robot-task-planner/ros2_ws/install/warehouse_description/share/warehouse_description/local_setup.zsh
[0.268s] -- Installing: /home/marianabebe/warehouse-robot-task-planner/ros2_ws/install/warehouse_description/share/warehouse_description/local_setup.dsv
[0.268s] -- Installing: /home/marianabebe/warehouse-robot-task-planner/ros2_ws/install/warehouse_description/share/warehouse_description/package.dsv
[0.268s] -- Up-to-date: /home/marianabebe/warehouse-robot-task-planner/ros2_ws/install/warehouse_description/share/ament_index/resource_index/packages/warehouse_description
[0.269s] -- Up-to-date: /home/marianabebe/warehouse-robot-task-planner/ros2_ws/install/warehouse_description/share/warehouse_description/cmake/warehouse_descriptionConfig.cmake
[0.269s] -- Up-to-date: /home/marianabebe/warehouse-robot-task-planner/ros2_ws/install/warehouse_description/share/warehouse_description/cmake/warehouse_descriptionConfig-version.cmake
[0.269s] -- Up-to-date: /home/marianabebe/warehouse-robot-task-planner/ros2_ws/install/warehouse_description/share/warehouse_description/package.xml
[0.270s] Invoked command in '/home/marianabebe/warehouse-robot-task-planner/ros2_ws/build/warehouse_description' returned '0': CMAKE_PREFIX_PATH=${CMAKE_PREFIX_PATH}:/opt/ros/humble /usr/bin/cmake --install /home/marianabebe/warehouse-robot-task-planner/ros2_ws/build/warehouse_description
